<?xml version="1.0" encoding="UTF-8"?>
<testsuites name="Astral Field Unit Tests" tests="28" failures="24" errors="0" time="1.071">
  <testsuite name="ESPN API Complete Test Suite" errors="0" failures="24" skipped="0" timestamp="2025-10-14T18:14:45" time="0.615" tests="28">
    <testcase classname="ESPN API Complete Test Suite Static Data Endpoints GET /api/espn/scoreboard should return scoreboard data" name="ESPN API Complete Test Suite Static Data Endpoints GET /api/espn/scoreboard should return scoreboard data" time="0.002">
      <failure>Error: expect(received).toBe(expected) // Object.is equality

Expected: 200
Received: 500
    at Object.toBe (C:\_ASTRAL_PROJECTS\ASTRAL_FIELD_V1\apps\web\__tests__\api\espn\complete-suite.test.ts:179:33)</failure>
    </testcase>
    <testcase classname="ESPN API Complete Test Suite Static Data Endpoints GET /api/espn/scoreboard should include cache headers" name="ESPN API Complete Test Suite Static Data Endpoints GET /api/espn/scoreboard should include cache headers" time="0.001">
      <failure>Error: expect(received).toBeTruthy()

Received: null
    at Object.toBeTruthy (C:\_ASTRAL_PROJECTS\ASTRAL_FIELD_V1\apps\web\__tests__\api\espn\complete-suite.test.ts:189:30)</failure>
    </testcase>
    <testcase classname="ESPN API Complete Test Suite Static Data Endpoints GET /api/espn/news should return news articles" name="ESPN API Complete Test Suite Static Data Endpoints GET /api/espn/news should return news articles" time="0.001">
      <failure>Error: expect(received).toBe(expected) // Object.is equality

Expected: 200
Received: 500
    at Object.toBe (C:\_ASTRAL_PROJECTS\ASTRAL_FIELD_V1\apps\web\__tests__\api\espn\complete-suite.test.ts:199:33)</failure>
    </testcase>
    <testcase classname="ESPN API Complete Test Suite Static Data Endpoints GET /api/espn/standings should return NFL standings" name="ESPN API Complete Test Suite Static Data Endpoints GET /api/espn/standings should return NFL standings" time="0">
      <failure>Error: expect(received).toBe(expected) // Object.is equality

Expected: 200
Received: 500
    at Object.toBe (C:\_ASTRAL_PROJECTS\ASTRAL_FIELD_V1\apps\web\__tests__\api\espn\complete-suite.test.ts:210:33)</failure>
    </testcase>
    <testcase classname="ESPN API Complete Test Suite Static Data Endpoints GET /api/espn/standings should include 10-minute cache headers" name="ESPN API Complete Test Suite Static Data Endpoints GET /api/espn/standings should include 10-minute cache headers" time="0.001">
      <failure>Error: expect(received).toContain(expected) // indexOf

Matcher error: received value must not be null nor undefined

Received has value: null
    at Object.toContain (C:\_ASTRAL_PROJECTS\ASTRAL_FIELD_V1\apps\web\__tests__\api\espn\complete-suite.test.ts:218:30)</failure>
    </testcase>
    <testcase classname="ESPN API Complete Test Suite Static Data Endpoints GET /api/espn/injuries should return injury reports" name="ESPN API Complete Test Suite Static Data Endpoints GET /api/espn/injuries should return injury reports" time="0">
      <failure>Error: expect(received).toBe(expected) // Object.is equality

Expected: 200
Received: 500
    at Object.toBe (C:\_ASTRAL_PROJECTS\ASTRAL_FIELD_V1\apps\web\__tests__\api\espn\complete-suite.test.ts:227:33)</failure>
    </testcase>
    <testcase classname="ESPN API Complete Test Suite Static Data Endpoints GET /api/espn/injuries should include 5-minute cache headers" name="ESPN API Complete Test Suite Static Data Endpoints GET /api/espn/injuries should include 5-minute cache headers" time="0">
      <failure>Error: expect(received).toContain(expected) // indexOf

Matcher error: received value must not be null nor undefined

Received has value: null
    at Object.toContain (C:\_ASTRAL_PROJECTS\ASTRAL_FIELD_V1\apps\web\__tests__\api\espn\complete-suite.test.ts:235:30)</failure>
    </testcase>
    <testcase classname="ESPN API Complete Test Suite Static Data Endpoints GET /api/espn/teams should return all NFL teams" name="ESPN API Complete Test Suite Static Data Endpoints GET /api/espn/teams should return all NFL teams" time="0">
      <failure>Error: expect(received).toBe(expected) // Object.is equality

Expected: 200
Received: 500
    at Object.toBe (C:\_ASTRAL_PROJECTS\ASTRAL_FIELD_V1\apps\web\__tests__\api\espn\complete-suite.test.ts:244:33)</failure>
    </testcase>
    <testcase classname="ESPN API Complete Test Suite Static Data Endpoints GET /api/espn/teams should include 1-hour cache headers" name="ESPN API Complete Test Suite Static Data Endpoints GET /api/espn/teams should include 1-hour cache headers" time="0">
      <failure>Error: expect(received).toContain(expected) // indexOf

Matcher error: received value must not be null nor undefined

Received has value: null
    at Object.toContain (C:\_ASTRAL_PROJECTS\ASTRAL_FIELD_V1\apps\web\__tests__\api\espn\complete-suite.test.ts:253:30)</failure>
    </testcase>
    <testcase classname="ESPN API Complete Test Suite Static Data Endpoints GET /api/espn/week should return current week number" name="ESPN API Complete Test Suite Static Data Endpoints GET /api/espn/week should return current week number" time="0">
      <failure>Error: expect(received).toBe(expected) // Object.is equality

Expected: 200
Received: 500
    at Object.toBe (C:\_ASTRAL_PROJECTS\ASTRAL_FIELD_V1\apps\web\__tests__\api\espn\complete-suite.test.ts:262:33)</failure>
    </testcase>
    <testcase classname="ESPN API Complete Test Suite Query Parameter Endpoints GET /api/espn/schedule should return weekly schedule" name="ESPN API Complete Test Suite Query Parameter Endpoints GET /api/espn/schedule should return weekly schedule" time="0.001">
      <failure>Error: expect(received).toBe(expected) // Object.is equality

Expected: 200
Received: 500
    at Object.toBe (C:\_ASTRAL_PROJECTS\ASTRAL_FIELD_V1\apps\web\__tests__\api\espn\complete-suite.test.ts:277:33)</failure>
    </testcase>
    <testcase classname="ESPN API Complete Test Suite Query Parameter Endpoints GET /api/espn/schedule should accept week query parameter" name="ESPN API Complete Test Suite Query Parameter Endpoints GET /api/espn/schedule should accept week query parameter" time="0.001">
      <failure>Error: expect(received).toBe(expected) // Object.is equality

Expected: 200
Received: 500
    at Object.toBe (C:\_ASTRAL_PROJECTS\ASTRAL_FIELD_V1\apps\web\__tests__\api\espn\complete-suite.test.ts:285:33)</failure>
    </testcase>
    <testcase classname="ESPN API Complete Test Suite Query Parameter Endpoints GET /api/espn/schedule should return 400 for invalid week parameter" name="ESPN API Complete Test Suite Query Parameter Endpoints GET /api/espn/schedule should return 400 for invalid week parameter" time="0">
    </testcase>
    <testcase classname="ESPN API Complete Test Suite Query Parameter Endpoints GET /api/espn/teams/[abbr]/schedule should return team schedule" name="ESPN API Complete Test Suite Query Parameter Endpoints GET /api/espn/teams/[abbr]/schedule should return team schedule" time="0.001">
      <failure>Error: expect(received).toBe(expected) // Object.is equality

Expected: 200
Received: 500
    at Object.toBe (C:\_ASTRAL_PROJECTS\ASTRAL_FIELD_V1\apps\web\__tests__\api\espn\complete-suite.test.ts:302:33)</failure>
    </testcase>
    <testcase classname="ESPN API Complete Test Suite Query Parameter Endpoints GET /api/espn/teams/[abbr]/schedule should accept week query parameter" name="ESPN API Complete Test Suite Query Parameter Endpoints GET /api/espn/teams/[abbr]/schedule should accept week query parameter" time="0">
      <failure>Error: expect(received).toBe(expected) // Object.is equality

Expected: 200
Received: 500
    at Object.toBe (C:\_ASTRAL_PROJECTS\ASTRAL_FIELD_V1\apps\web\__tests__\api\espn\complete-suite.test.ts:310:33)</failure>
    </testcase>
    <testcase classname="ESPN API Complete Test Suite Query Parameter Endpoints GET /api/espn/teams/[abbr]/schedule should return 400 for invalid week parameter" name="ESPN API Complete Test Suite Query Parameter Endpoints GET /api/espn/teams/[abbr]/schedule should return 400 for invalid week parameter" time="0">
    </testcase>
    <testcase classname="ESPN API Complete Test Suite Dynamic Route Endpoints GET /api/espn/players/[id] should return player information" name="ESPN API Complete Test Suite Dynamic Route Endpoints GET /api/espn/players/[id] should return player information" time="0">
      <failure>Error: expect(received).toBe(expected) // Object.is equality

Expected: 200
Received: 500
    at Object.toBe (C:\_ASTRAL_PROJECTS\ASTRAL_FIELD_V1\apps\web\__tests__\api\espn\complete-suite.test.ts:329:33)</failure>
    </testcase>
    <testcase classname="ESPN API Complete Test Suite Dynamic Route Endpoints GET /api/espn/players/[id]/stats should return player statistics" name="ESPN API Complete Test Suite Dynamic Route Endpoints GET /api/espn/players/[id]/stats should return player statistics" time="0">
      <failure>Error: expect(received).toBe(expected) // Object.is equality

Expected: 200
Received: 500
    at Object.toBe (C:\_ASTRAL_PROJECTS\ASTRAL_FIELD_V1\apps\web\__tests__\api\espn\complete-suite.test.ts:341:33)</failure>
    </testcase>
    <testcase classname="ESPN API Complete Test Suite Dynamic Route Endpoints GET /api/espn/players/[id]/stats should include 5-minute cache headers" name="ESPN API Complete Test Suite Dynamic Route Endpoints GET /api/espn/players/[id]/stats should include 5-minute cache headers" time="0.001">
      <failure>Error: expect(received).toContain(expected) // indexOf

Matcher error: received value must not be null nor undefined

Received has value: null
    at Object.toContain (C:\_ASTRAL_PROJECTS\ASTRAL_FIELD_V1\apps\web\__tests__\api\espn\complete-suite.test.ts:350:30)</failure>
    </testcase>
    <testcase classname="ESPN API Complete Test Suite Dynamic Route Endpoints GET /api/espn/players/[id]/live should return live player stats" name="ESPN API Complete Test Suite Dynamic Route Endpoints GET /api/espn/players/[id]/live should return live player stats" time="0">
      <failure>Error: expect(received).toBe(expected) // Object.is equality

Expected: 200
Received: 500
    at Object.toBe (C:\_ASTRAL_PROJECTS\ASTRAL_FIELD_V1\apps\web\__tests__\api\espn\complete-suite.test.ts:360:33)</failure>
    </testcase>
    <testcase classname="ESPN API Complete Test Suite Dynamic Route Endpoints GET /api/espn/players/[id]/live should include 30-second cache headers" name="ESPN API Complete Test Suite Dynamic Route Endpoints GET /api/espn/players/[id]/live should include 30-second cache headers" time="0.001">
      <failure>Error: expect(received).toContain(expected) // indexOf

Matcher error: received value must not be null nor undefined

Received has value: null
    at Object.toContain (C:\_ASTRAL_PROJECTS\ASTRAL_FIELD_V1\apps\web\__tests__\api\espn\complete-suite.test.ts:370:30)</failure>
    </testcase>
    <testcase classname="ESPN API Complete Test Suite Dynamic Route Endpoints GET /api/espn/players/[id]/projections should return player projections" name="ESPN API Complete Test Suite Dynamic Route Endpoints GET /api/espn/players/[id]/projections should return player projections" time="0">
      <failure>Error: expect(received).toBe(expected) // Object.is equality

Expected: 200
Received: 500
    at Object.toBe (C:\_ASTRAL_PROJECTS\ASTRAL_FIELD_V1\apps\web\__tests__\api\espn\complete-suite.test.ts:380:33)</failure>
    </testcase>
    <testcase classname="ESPN API Complete Test Suite Dynamic Route Endpoints GET /api/espn/players/[id]/projections should accept week query parameter" name="ESPN API Complete Test Suite Dynamic Route Endpoints GET /api/espn/players/[id]/projections should accept week query parameter" time="0.001">
      <failure>Error: expect(received).toBe(expected) // Object.is equality

Expected: 200
Received: 500
    at Object.toBe (C:\_ASTRAL_PROJECTS\ASTRAL_FIELD_V1\apps\web\__tests__\api\espn\complete-suite.test.ts:389:33)</failure>
    </testcase>
    <testcase classname="ESPN API Complete Test Suite Dynamic Route Endpoints GET /api/espn/players/[id]/projections should return 400 for invalid week parameter" name="ESPN API Complete Test Suite Dynamic Route Endpoints GET /api/espn/players/[id]/projections should return 400 for invalid week parameter" time="0">
    </testcase>
    <testcase classname="ESPN API Complete Test Suite Dynamic Route Endpoints GET /api/espn/teams/[id]/roster should return team roster" name="ESPN API Complete Test Suite Dynamic Route Endpoints GET /api/espn/teams/[id]/roster should return team roster" time="0.001">
      <failure>Error: expect(received).toBe(expected) // Object.is equality

Expected: 200
Received: 500
    at Object.toBe (C:\_ASTRAL_PROJECTS\ASTRAL_FIELD_V1\apps\web\__tests__\api\espn\complete-suite.test.ts:406:33)</failure>
    </testcase>
    <testcase classname="ESPN API Complete Test Suite Sync Endpoints POST /api/espn/sync/players should sync players successfully" name="ESPN API Complete Test Suite Sync Endpoints POST /api/espn/sync/players should sync players successfully" time="0">
      <failure>Error: expect(received).toBe(expected) // Object.is equality

Expected: 200
Received: 500
    at Object.toBe (C:\_ASTRAL_PROJECTS\ASTRAL_FIELD_V1\apps\web\__tests__\api\espn\complete-suite.test.ts:418:33)</failure>
    </testcase>
    <testcase classname="ESPN API Complete Test Suite Error Handling should handle ESPN API errors gracefully" name="ESPN API Complete Test Suite Error Handling should handle ESPN API errors gracefully" time="0.001">
    </testcase>
    <testcase classname="ESPN API Complete Test Suite Caching Strategy should have appropriate cache times for different endpoint types" name="ESPN API Complete Test Suite Caching Strategy should have appropriate cache times for different endpoint types" time="0">
      <failure>Error: expect(received).toContain(expected) // indexOf

Matcher error: received value must not be null nor undefined

Received has value: null
    at Object.toContain (C:\_ASTRAL_PROJECTS\ASTRAL_FIELD_V1\apps\web\__tests__\api\espn\complete-suite.test.ts:453:57)</failure>
    </testcase>
  </testsuite>
</testsuites>