<?xml version="1.0" encoding="UTF-8"?>
<testsuites name="Astral Field Unit Tests" tests="386" failures="244" errors="0" time="22.357">
  <testsuite name="Authentication Database Tests" errors="0" failures="1" skipped="0" timestamp="2025-09-28T01:37:13" time="2.69" tests="27">
    <testcase classname="Authentication Database Tests Database Connection Management should establish database connection successfully" name="Authentication Database Tests Database Connection Management should establish database connection successfully" time="0.004">
    </testcase>
    <testcase classname="Authentication Database Tests Database Connection Management should handle database connection failures gracefully" name="Authentication Database Tests Database Connection Management should handle database connection failures gracefully" time="0.018">
    </testcase>
    <testcase classname="Authentication Database Tests Database Connection Management should properly close database connections" name="Authentication Database Tests Database Connection Management should properly close database connections" time="0.001">
    </testcase>
    <testcase classname="Authentication Database Tests Database Connection Management should handle connection pool exhaustion" name="Authentication Database Tests Database Connection Management should handle connection pool exhaustion" time="0.001">
    </testcase>
    <testcase classname="Authentication Database Tests Database Connection Management should implement connection retry logic" name="Authentication Database Tests Database Connection Management should implement connection retry logic" time="0">
    </testcase>
    <testcase classname="Authentication Database Tests User Authentication Queries should find user by email correctly" name="Authentication Database Tests User Authentication Queries should find user by email correctly" time="0.001">
    </testcase>
    <testcase classname="Authentication Database Tests User Authentication Queries should handle case-insensitive email lookup" name="Authentication Database Tests User Authentication Queries should handle case-insensitive email lookup" time="0.001">
    </testcase>
    <testcase classname="Authentication Database Tests User Authentication Queries should return null for non-existent users" name="Authentication Database Tests User Authentication Queries should return null for non-existent users" time="0">
    </testcase>
    <testcase classname="Authentication Database Tests User Authentication Queries should handle malformed email inputs safely" name="Authentication Database Tests User Authentication Queries should handle malformed email inputs safely" time="0.001">
      <failure>Error: expect(jest.fn()).toHaveBeenCalledTimes(expected)

Expected number of calls: 6
Received number of calls: 5
    at Object.toHaveBeenCalledTimes (C:\Users\damat\_REPOS\ASTRAL_FIELD_V1\apps\web\__tests__\database\auth-database.test.ts:221:38)</failure>
    </testcase>
    <testcase classname="Authentication Database Tests User Creation and Updates should create new user with proper data validation" name="Authentication Database Tests User Creation and Updates should create new user with proper data validation" time="0.001">
    </testcase>
    <testcase classname="Authentication Database Tests User Creation and Updates should update user login information correctly" name="Authentication Database Tests User Creation and Updates should update user login information correctly" time="0.001">
    </testcase>
    <testcase classname="Authentication Database Tests User Creation and Updates should increment login attempts on failed authentication" name="Authentication Database Tests User Creation and Updates should increment login attempts on failed authentication" time="0.001">
    </testcase>
    <testcase classname="Authentication Database Tests User Creation and Updates should implement account lockout after failed attempts" name="Authentication Database Tests User Creation and Updates should implement account lockout after failed attempts" time="0">
    </testcase>
    <testcase classname="Authentication Database Tests Demo Users Validation should validate all 10 demo users exist in database" name="Authentication Database Tests Demo Users Validation should validate all 10 demo users exist in database" time="0.005">
    </testcase>
    <testcase classname="Authentication Database Tests Demo Users Validation should verify demo users have correct password hash" name="Authentication Database Tests Demo Users Validation should verify demo users have correct password hash" time="1.501">
    </testcase>
    <testcase classname="Authentication Database Tests Demo Users Validation should ensure demo users have proper roles and permissions" name="Authentication Database Tests Demo Users Validation should ensure demo users have proper roles and permissions" time="0">
    </testcase>
    <testcase classname="Authentication Database Tests Database Transaction Handling should handle authentication transactions properly" name="Authentication Database Tests Database Transaction Handling should handle authentication transactions properly" time="0">
    </testcase>
    <testcase classname="Authentication Database Tests Database Transaction Handling should rollback transactions on authentication failure" name="Authentication Database Tests Database Transaction Handling should rollback transactions on authentication failure" time="0.001">
    </testcase>
    <testcase classname="Authentication Database Tests Database Performance and Optimization should execute user queries efficiently" name="Authentication Database Tests Database Performance and Optimization should execute user queries efficiently" time="0">
    </testcase>
    <testcase classname="Authentication Database Tests Database Performance and Optimization should handle concurrent database operations" name="Authentication Database Tests Database Performance and Optimization should handle concurrent database operations" time="0">
    </testcase>
    <testcase classname="Authentication Database Tests Database Performance and Optimization should implement proper indexing for authentication queries" name="Authentication Database Tests Database Performance and Optimization should implement proper indexing for authentication queries" time="0.001">
    </testcase>
    <testcase classname="Authentication Database Tests Data Integrity and Constraints should enforce unique email constraint" name="Authentication Database Tests Data Integrity and Constraints should enforce unique email constraint" time="0.001">
    </testcase>
    <testcase classname="Authentication Database Tests Data Integrity and Constraints should validate required fields" name="Authentication Database Tests Data Integrity and Constraints should validate required fields" time="0">
    </testcase>
    <testcase classname="Authentication Database Tests Data Integrity and Constraints should maintain referential integrity" name="Authentication Database Tests Data Integrity and Constraints should maintain referential integrity" time="0">
    </testcase>
    <testcase classname="Authentication Database Tests Database Security should prevent SQL injection in queries" name="Authentication Database Tests Database Security should prevent SQL injection in queries" time="0">
    </testcase>
    <testcase classname="Authentication Database Tests Database Security should not expose sensitive fields in select queries" name="Authentication Database Tests Database Security should not expose sensitive fields in select queries" time="0">
    </testcase>
    <testcase classname="Authentication Database Tests Database Security should implement proper access controls" name="Authentication Database Tests Database Security should implement proper access controls" time="0.001">
    </testcase>
  </testsuite>
  <testsuite name="SignIn Form Component" errors="0" failures="31" skipped="0" timestamp="2025-09-28T01:37:16" time="2.154" tests="32">
    <testcase classname="SignIn Form Component Component Rendering should render sign in form with all required elements" name="SignIn Form Component Component Rendering should render sign in form with all required elements" time="0.11">
      <failure>TypeError: router.prefetch is not a function
    at prefetch (C:\Users\damat\_REPOS\ASTRAL_FIELD_V1\apps\web\src\app\auth\signin\page.tsx:40:12)
    at commitHookEffectListMount (C:\Users\damat\_REPOS\ASTRAL_FIELD_V1\node_modules\react-dom\cjs\react-dom.development.js:23189:26)
    at commitPassiveMountOnFiber (C:\Users\damat\_REPOS\ASTRAL_FIELD_V1\node_modules\react-dom\cjs\react-dom.development.js:24970:11)
    at commitPassiveMountEffects_complete (C:\Users\damat\_REPOS\ASTRAL_FIELD_V1\node_modules\react-dom\cjs\react-dom.development.js:24930:9)
    at commitPassiveMountEffects_begin (C:\Users\damat\_REPOS\ASTRAL_FIELD_V1\node_modules\react-dom\cjs\react-dom.development.js:24917:7)
    at commitPassiveMountEffects (C:\Users\damat\_REPOS\ASTRAL_FIELD_V1\node_modules\react-dom\cjs\react-dom.development.js:24905:3)
    at flushPassiveEffectsImpl (C:\Users\damat\_REPOS\ASTRAL_FIELD_V1\node_modules\react-dom\cjs\react-dom.development.js:27078:3)
    at flushPassiveEffects (C:\Users\damat\_REPOS\ASTRAL_FIELD_V1\node_modules\react-dom\cjs\react-dom.development.js:27023:14)
    at C:\Users\damat\_REPOS\ASTRAL_FIELD_V1\node_modules\react-dom\cjs\react-dom.development.js:26808:9
    at flushActQueue (C:\Users\damat\_REPOS\ASTRAL_FIELD_V1\node_modules\react\cjs\react.development.js:2667:24)
    at act (C:\Users\damat\_REPOS\ASTRAL_FIELD_V1\node_modules\react\cjs\react.development.js:2582:11)
    at C:\Users\damat\_REPOS\ASTRAL_FIELD_V1\node_modules\@testing-library\react\dist\act-compat.js:47:25
    at renderRoot (C:\Users\damat\_REPOS\ASTRAL_FIELD_V1\node_modules\@testing-library\react\dist\pure.js:180:26)
    at render (C:\Users\damat\_REPOS\ASTRAL_FIELD_V1\node_modules\@testing-library\react\dist\pure.js:271:10)
    at Object.&lt;anonymous&gt; (C:\Users\damat\_REPOS\ASTRAL_FIELD_V1\apps\web\__tests__\components\auth\signin-form.test.tsx:58:13)
    at Promise.then.completed (C:\Users\damat\_REPOS\ASTRAL_FIELD_V1\node_modules\jest-circus\build\utils.js:298:28)
    at new Promise (&lt;anonymous&gt;)
    at callAsyncCircusFn (C:\Users\damat\_REPOS\ASTRAL_FIELD_V1\node_modules\jest-circus\build\utils.js:231:10)
    at _callCircusTest (C:\Users\damat\_REPOS\ASTRAL_FIELD_V1\node_modules\jest-circus\build\run.js:316:40)
    at _runTest (C:\Users\damat\_REPOS\ASTRAL_FIELD_V1\node_modules\jest-circus\build\run.js:252:3)
    at _runTestsForDescribeBlock (C:\Users\damat\_REPOS\ASTRAL_FIELD_V1\node_modules\jest-circus\build\run.js:126:9)
    at _runTestsForDescribeBlock (C:\Users\damat\_REPOS\ASTRAL_FIELD_V1\node_modules\jest-circus\build\run.js:121:9)
    at _runTestsForDescribeBlock (C:\Users\damat\_REPOS\ASTRAL_FIELD_V1\node_modules\jest-circus\build\run.js:121:9)
    at run (C:\Users\damat\_REPOS\ASTRAL_FIELD_V1\node_modules\jest-circus\build\run.js:71:3)
    at runAndTransformResultsToJestFormat (C:\Users\damat\_REPOS\ASTRAL_FIELD_V1\node_modules\jest-circus\build\legacy-code-todo-rewrite\jestAdapterInit.js:122:21)
    at jestAdapter (C:\Users\damat\_REPOS\ASTRAL_FIELD_V1\node_modules\jest-circus\build\legacy-code-todo-rewrite\jestAdapter.js:79:19)
    at runTestInternal (C:\Users\damat\_REPOS\ASTRAL_FIELD_V1\node_modules\jest-runner\build\runTest.js:367:16)
    at runTest (C:\Users\damat\_REPOS\ASTRAL_FIELD_V1\node_modules\jest-runner\build\runTest.js:444:34)</failure>
    </testcase>
    <testcase classname="SignIn Form Component Component Rendering should render all 10 demo user accounts" name="SignIn Form Component Component Rendering should render all 10 demo user accounts" time="0.021">
      <failure>TypeError: router.prefetch is not a function
    at prefetch (C:\Users\damat\_REPOS\ASTRAL_FIELD_V1\apps\web\src\app\auth\signin\page.tsx:40:12)
    at commitHookEffectListMount (C:\Users\damat\_REPOS\ASTRAL_FIELD_V1\node_modules\react-dom\cjs\react-dom.development.js:23189:26)
    at commitPassiveMountOnFiber (C:\Users\damat\_REPOS\ASTRAL_FIELD_V1\node_modules\react-dom\cjs\react-dom.development.js:24970:11)
    at commitPassiveMountEffects_complete (C:\Users\damat\_REPOS\ASTRAL_FIELD_V1\node_modules\react-dom\cjs\react-dom.development.js:24930:9)
    at commitPassiveMountEffects_begin (C:\Users\damat\_REPOS\ASTRAL_FIELD_V1\node_modules\react-dom\cjs\react-dom.development.js:24917:7)
    at commitPassiveMountEffects (C:\Users\damat\_REPOS\ASTRAL_FIELD_V1\node_modules\react-dom\cjs\react-dom.development.js:24905:3)
    at flushPassiveEffectsImpl (C:\Users\damat\_REPOS\ASTRAL_FIELD_V1\node_modules\react-dom\cjs\react-dom.development.js:27078:3)
    at flushPassiveEffects (C:\Users\damat\_REPOS\ASTRAL_FIELD_V1\node_modules\react-dom\cjs\react-dom.development.js:27023:14)
    at C:\Users\damat\_REPOS\ASTRAL_FIELD_V1\node_modules\react-dom\cjs\react-dom.development.js:26808:9
    at flushActQueue (C:\Users\damat\_REPOS\ASTRAL_FIELD_V1\node_modules\react\cjs\react.development.js:2667:24)
    at act (C:\Users\damat\_REPOS\ASTRAL_FIELD_V1\node_modules\react\cjs\react.development.js:2582:11)
    at C:\Users\damat\_REPOS\ASTRAL_FIELD_V1\node_modules\@testing-library\react\dist\act-compat.js:47:25
    at renderRoot (C:\Users\damat\_REPOS\ASTRAL_FIELD_V1\node_modules\@testing-library\react\dist\pure.js:180:26)
    at render (C:\Users\damat\_REPOS\ASTRAL_FIELD_V1\node_modules\@testing-library\react\dist\pure.js:271:10)
    at Object.&lt;anonymous&gt; (C:\Users\damat\_REPOS\ASTRAL_FIELD_V1\apps\web\__tests__\components\auth\signin-form.test.tsx:77:13)
    at Promise.then.completed (C:\Users\damat\_REPOS\ASTRAL_FIELD_V1\node_modules\jest-circus\build\utils.js:298:28)
    at new Promise (&lt;anonymous&gt;)
    at callAsyncCircusFn (C:\Users\damat\_REPOS\ASTRAL_FIELD_V1\node_modules\jest-circus\build\utils.js:231:10)
    at _callCircusTest (C:\Users\damat\_REPOS\ASTRAL_FIELD_V1\node_modules\jest-circus\build\run.js:316:40)
    at _runTest (C:\Users\damat\_REPOS\ASTRAL_FIELD_V1\node_modules\jest-circus\build\run.js:252:3)
    at _runTestsForDescribeBlock (C:\Users\damat\_REPOS\ASTRAL_FIELD_V1\node_modules\jest-circus\build\run.js:126:9)
    at _runTestsForDescribeBlock (C:\Users\damat\_REPOS\ASTRAL_FIELD_V1\node_modules\jest-circus\build\run.js:121:9)
    at _runTestsForDescribeBlock (C:\Users\damat\_REPOS\ASTRAL_FIELD_V1\node_modules\jest-circus\build\run.js:121:9)
    at run (C:\Users\damat\_REPOS\ASTRAL_FIELD_V1\node_modules\jest-circus\build\run.js:71:3)
    at runAndTransformResultsToJestFormat (C:\Users\damat\_REPOS\ASTRAL_FIELD_V1\node_modules\jest-circus\build\legacy-code-todo-rewrite\jestAdapterInit.js:122:21)
    at jestAdapter (C:\Users\damat\_REPOS\ASTRAL_FIELD_V1\node_modules\jest-circus\build\legacy-code-todo-rewrite\jestAdapter.js:79:19)
    at runTestInternal (C:\Users\damat\_REPOS\ASTRAL_FIELD_V1\node_modules\jest-runner\build\runTest.js:367:16)
    at runTest (C:\Users\damat\_REPOS\ASTRAL_FIELD_V1\node_modules\jest-runner\build\runTest.js:444:34)</failure>
    </testcase>
    <testcase classname="SignIn Form Component Component Rendering should have proper form accessibility attributes" name="SignIn Form Component Component Rendering should have proper form accessibility attributes" time="0.021">
      <failure>TypeError: router.prefetch is not a function
    at prefetch (C:\Users\damat\_REPOS\ASTRAL_FIELD_V1\apps\web\src\app\auth\signin\page.tsx:40:12)
    at commitHookEffectListMount (C:\Users\damat\_REPOS\ASTRAL_FIELD_V1\node_modules\react-dom\cjs\react-dom.development.js:23189:26)
    at commitPassiveMountOnFiber (C:\Users\damat\_REPOS\ASTRAL_FIELD_V1\node_modules\react-dom\cjs\react-dom.development.js:24970:11)
    at commitPassiveMountEffects_complete (C:\Users\damat\_REPOS\ASTRAL_FIELD_V1\node_modules\react-dom\cjs\react-dom.development.js:24930:9)
    at commitPassiveMountEffects_begin (C:\Users\damat\_REPOS\ASTRAL_FIELD_V1\node_modules\react-dom\cjs\react-dom.development.js:24917:7)
    at commitPassiveMountEffects (C:\Users\damat\_REPOS\ASTRAL_FIELD_V1\node_modules\react-dom\cjs\react-dom.development.js:24905:3)
    at flushPassiveEffectsImpl (C:\Users\damat\_REPOS\ASTRAL_FIELD_V1\node_modules\react-dom\cjs\react-dom.development.js:27078:3)
    at flushPassiveEffects (C:\Users\damat\_REPOS\ASTRAL_FIELD_V1\node_modules\react-dom\cjs\react-dom.development.js:27023:14)
    at C:\Users\damat\_REPOS\ASTRAL_FIELD_V1\node_modules\react-dom\cjs\react-dom.development.js:26808:9
    at flushActQueue (C:\Users\damat\_REPOS\ASTRAL_FIELD_V1\node_modules\react\cjs\react.development.js:2667:24)
    at act (C:\Users\damat\_REPOS\ASTRAL_FIELD_V1\node_modules\react\cjs\react.development.js:2582:11)
    at C:\Users\damat\_REPOS\ASTRAL_FIELD_V1\node_modules\@testing-library\react\dist\act-compat.js:47:25
    at renderRoot (C:\Users\damat\_REPOS\ASTRAL_FIELD_V1\node_modules\@testing-library\react\dist\pure.js:180:26)
    at render (C:\Users\damat\_REPOS\ASTRAL_FIELD_V1\node_modules\@testing-library\react\dist\pure.js:271:10)
    at Object.&lt;anonymous&gt; (C:\Users\damat\_REPOS\ASTRAL_FIELD_V1\apps\web\__tests__\components\auth\signin-form.test.tsx:98:13)
    at Promise.then.completed (C:\Users\damat\_REPOS\ASTRAL_FIELD_V1\node_modules\jest-circus\build\utils.js:298:28)
    at new Promise (&lt;anonymous&gt;)
    at callAsyncCircusFn (C:\Users\damat\_REPOS\ASTRAL_FIELD_V1\node_modules\jest-circus\build\utils.js:231:10)
    at _callCircusTest (C:\Users\damat\_REPOS\ASTRAL_FIELD_V1\node_modules\jest-circus\build\run.js:316:40)
    at _runTest (C:\Users\damat\_REPOS\ASTRAL_FIELD_V1\node_modules\jest-circus\build\run.js:252:3)
    at _runTestsForDescribeBlock (C:\Users\damat\_REPOS\ASTRAL_FIELD_V1\node_modules\jest-circus\build\run.js:126:9)
    at _runTestsForDescribeBlock (C:\Users\damat\_REPOS\ASTRAL_FIELD_V1\node_modules\jest-circus\build\run.js:121:9)
    at _runTestsForDescribeBlock (C:\Users\damat\_REPOS\ASTRAL_FIELD_V1\node_modules\jest-circus\build\run.js:121:9)
    at run (C:\Users\damat\_REPOS\ASTRAL_FIELD_V1\node_modules\jest-circus\build\run.js:71:3)
    at runAndTransformResultsToJestFormat (C:\Users\damat\_REPOS\ASTRAL_FIELD_V1\node_modules\jest-circus\build\legacy-code-todo-rewrite\jestAdapterInit.js:122:21)
    at jestAdapter (C:\Users\damat\_REPOS\ASTRAL_FIELD_V1\node_modules\jest-circus\build\legacy-code-todo-rewrite\jestAdapter.js:79:19)
    at runTestInternal (C:\Users\damat\_REPOS\ASTRAL_FIELD_V1\node_modules\jest-runner\build\runTest.js:367:16)
    at runTest (C:\Users\damat\_REPOS\ASTRAL_FIELD_V1\node_modules\jest-runner\build\runTest.js:444:34)</failure>
    </testcase>
    <testcase classname="SignIn Form Component Component Rendering should have proper form IDs for testing" name="SignIn Form Component Component Rendering should have proper form IDs for testing" time="0.014">
      <failure>TypeError: router.prefetch is not a function
    at prefetch (C:\Users\damat\_REPOS\ASTRAL_FIELD_V1\apps\web\src\app\auth\signin\page.tsx:40:12)
    at commitHookEffectListMount (C:\Users\damat\_REPOS\ASTRAL_FIELD_V1\node_modules\react-dom\cjs\react-dom.development.js:23189:26)
    at commitPassiveMountOnFiber (C:\Users\damat\_REPOS\ASTRAL_FIELD_V1\node_modules\react-dom\cjs\react-dom.development.js:24970:11)
    at commitPassiveMountEffects_complete (C:\Users\damat\_REPOS\ASTRAL_FIELD_V1\node_modules\react-dom\cjs\react-dom.development.js:24930:9)
    at commitPassiveMountEffects_begin (C:\Users\damat\_REPOS\ASTRAL_FIELD_V1\node_modules\react-dom\cjs\react-dom.development.js:24917:7)
    at commitPassiveMountEffects (C:\Users\damat\_REPOS\ASTRAL_FIELD_V1\node_modules\react-dom\cjs\react-dom.development.js:24905:3)
    at flushPassiveEffectsImpl (C:\Users\damat\_REPOS\ASTRAL_FIELD_V1\node_modules\react-dom\cjs\react-dom.development.js:27078:3)
    at flushPassiveEffects (C:\Users\damat\_REPOS\ASTRAL_FIELD_V1\node_modules\react-dom\cjs\react-dom.development.js:27023:14)
    at C:\Users\damat\_REPOS\ASTRAL_FIELD_V1\node_modules\react-dom\cjs\react-dom.development.js:26808:9
    at flushActQueue (C:\Users\damat\_REPOS\ASTRAL_FIELD_V1\node_modules\react\cjs\react.development.js:2667:24)
    at act (C:\Users\damat\_REPOS\ASTRAL_FIELD_V1\node_modules\react\cjs\react.development.js:2582:11)
    at C:\Users\damat\_REPOS\ASTRAL_FIELD_V1\node_modules\@testing-library\react\dist\act-compat.js:47:25
    at renderRoot (C:\Users\damat\_REPOS\ASTRAL_FIELD_V1\node_modules\@testing-library\react\dist\pure.js:180:26)
    at render (C:\Users\damat\_REPOS\ASTRAL_FIELD_V1\node_modules\@testing-library\react\dist\pure.js:271:10)
    at Object.&lt;anonymous&gt; (C:\Users\damat\_REPOS\ASTRAL_FIELD_V1\apps\web\__tests__\components\auth\signin-form.test.tsx:113:13)
    at Promise.then.completed (C:\Users\damat\_REPOS\ASTRAL_FIELD_V1\node_modules\jest-circus\build\utils.js:298:28)
    at new Promise (&lt;anonymous&gt;)
    at callAsyncCircusFn (C:\Users\damat\_REPOS\ASTRAL_FIELD_V1\node_modules\jest-circus\build\utils.js:231:10)
    at _callCircusTest (C:\Users\damat\_REPOS\ASTRAL_FIELD_V1\node_modules\jest-circus\build\run.js:316:40)
    at _runTest (C:\Users\damat\_REPOS\ASTRAL_FIELD_V1\node_modules\jest-circus\build\run.js:252:3)
    at _runTestsForDescribeBlock (C:\Users\damat\_REPOS\ASTRAL_FIELD_V1\node_modules\jest-circus\build\run.js:126:9)
    at _runTestsForDescribeBlock (C:\Users\damat\_REPOS\ASTRAL_FIELD_V1\node_modules\jest-circus\build\run.js:121:9)
    at _runTestsForDescribeBlock (C:\Users\damat\_REPOS\ASTRAL_FIELD_V1\node_modules\jest-circus\build\run.js:121:9)
    at run (C:\Users\damat\_REPOS\ASTRAL_FIELD_V1\node_modules\jest-circus\build\run.js:71:3)
    at runAndTransformResultsToJestFormat (C:\Users\damat\_REPOS\ASTRAL_FIELD_V1\node_modules\jest-circus\build\legacy-code-todo-rewrite\jestAdapterInit.js:122:21)
    at jestAdapter (C:\Users\damat\_REPOS\ASTRAL_FIELD_V1\node_modules\jest-circus\build\legacy-code-todo-rewrite\jestAdapter.js:79:19)
    at runTestInternal (C:\Users\damat\_REPOS\ASTRAL_FIELD_V1\node_modules\jest-runner\build\runTest.js:367:16)
    at runTest (C:\Users\damat\_REPOS\ASTRAL_FIELD_V1\node_modules\jest-runner\build\runTest.js:444:34)</failure>
    </testcase>
    <testcase classname="SignIn Form Component Form Validation should require email and password fields" name="SignIn Form Component Form Validation should require email and password fields" time="0.016">
      <failure>TypeError: router.prefetch is not a function
    at prefetch (C:\Users\damat\_REPOS\ASTRAL_FIELD_V1\apps\web\src\app\auth\signin\page.tsx:40:12)
    at commitHookEffectListMount (C:\Users\damat\_REPOS\ASTRAL_FIELD_V1\node_modules\react-dom\cjs\react-dom.development.js:23189:26)
    at commitPassiveMountOnFiber (C:\Users\damat\_REPOS\ASTRAL_FIELD_V1\node_modules\react-dom\cjs\react-dom.development.js:24970:11)
    at commitPassiveMountEffects_complete (C:\Users\damat\_REPOS\ASTRAL_FIELD_V1\node_modules\react-dom\cjs\react-dom.development.js:24930:9)
    at commitPassiveMountEffects_begin (C:\Users\damat\_REPOS\ASTRAL_FIELD_V1\node_modules\react-dom\cjs\react-dom.development.js:24917:7)
    at commitPassiveMountEffects (C:\Users\damat\_REPOS\ASTRAL_FIELD_V1\node_modules\react-dom\cjs\react-dom.development.js:24905:3)
    at flushPassiveEffectsImpl (C:\Users\damat\_REPOS\ASTRAL_FIELD_V1\node_modules\react-dom\cjs\react-dom.development.js:27078:3)
    at flushPassiveEffects (C:\Users\damat\_REPOS\ASTRAL_FIELD_V1\node_modules\react-dom\cjs\react-dom.development.js:27023:14)
    at C:\Users\damat\_REPOS\ASTRAL_FIELD_V1\node_modules\react-dom\cjs\react-dom.development.js:26808:9
    at flushActQueue (C:\Users\damat\_REPOS\ASTRAL_FIELD_V1\node_modules\react\cjs\react.development.js:2667:24)
    at act (C:\Users\damat\_REPOS\ASTRAL_FIELD_V1\node_modules\react\cjs\react.development.js:2582:11)
    at C:\Users\damat\_REPOS\ASTRAL_FIELD_V1\node_modules\@testing-library\react\dist\act-compat.js:47:25
    at renderRoot (C:\Users\damat\_REPOS\ASTRAL_FIELD_V1\node_modules\@testing-library\react\dist\pure.js:180:26)
    at render (C:\Users\damat\_REPOS\ASTRAL_FIELD_V1\node_modules\@testing-library\react\dist\pure.js:271:10)
    at Object.&lt;anonymous&gt; (C:\Users\damat\_REPOS\ASTRAL_FIELD_V1\apps\web\__tests__\components\auth\signin-form.test.tsx:124:13)
    at Promise.then.completed (C:\Users\damat\_REPOS\ASTRAL_FIELD_V1\node_modules\jest-circus\build\utils.js:298:28)
    at new Promise (&lt;anonymous&gt;)
    at callAsyncCircusFn (C:\Users\damat\_REPOS\ASTRAL_FIELD_V1\node_modules\jest-circus\build\utils.js:231:10)
    at _callCircusTest (C:\Users\damat\_REPOS\ASTRAL_FIELD_V1\node_modules\jest-circus\build\run.js:316:40)
    at _runTest (C:\Users\damat\_REPOS\ASTRAL_FIELD_V1\node_modules\jest-circus\build\run.js:252:3)
    at _runTestsForDescribeBlock (C:\Users\damat\_REPOS\ASTRAL_FIELD_V1\node_modules\jest-circus\build\run.js:126:9)
    at _runTestsForDescribeBlock (C:\Users\damat\_REPOS\ASTRAL_FIELD_V1\node_modules\jest-circus\build\run.js:121:9)
    at _runTestsForDescribeBlock (C:\Users\damat\_REPOS\ASTRAL_FIELD_V1\node_modules\jest-circus\build\run.js:121:9)
    at run (C:\Users\damat\_REPOS\ASTRAL_FIELD_V1\node_modules\jest-circus\build\run.js:71:3)
    at runAndTransformResultsToJestFormat (C:\Users\damat\_REPOS\ASTRAL_FIELD_V1\node_modules\jest-circus\build\legacy-code-todo-rewrite\jestAdapterInit.js:122:21)
    at jestAdapter (C:\Users\damat\_REPOS\ASTRAL_FIELD_V1\node_modules\jest-circus\build\legacy-code-todo-rewrite\jestAdapter.js:79:19)
    at runTestInternal (C:\Users\damat\_REPOS\ASTRAL_FIELD_V1\node_modules\jest-runner\build\runTest.js:367:16)
    at runTest (C:\Users\damat\_REPOS\ASTRAL_FIELD_V1\node_modules\jest-runner\build\runTest.js:444:34)</failure>
    </testcase>
    <testcase classname="SignIn Form Component Form Validation should validate email format" name="SignIn Form Component Form Validation should validate email format" time="0.026">
      <failure>TypeError: router.prefetch is not a function
    at prefetch (C:\Users\damat\_REPOS\ASTRAL_FIELD_V1\apps\web\src\app\auth\signin\page.tsx:40:12)
    at commitHookEffectListMount (C:\Users\damat\_REPOS\ASTRAL_FIELD_V1\node_modules\react-dom\cjs\react-dom.development.js:23189:26)
    at commitPassiveMountOnFiber (C:\Users\damat\_REPOS\ASTRAL_FIELD_V1\node_modules\react-dom\cjs\react-dom.development.js:24970:11)
    at commitPassiveMountEffects_complete (C:\Users\damat\_REPOS\ASTRAL_FIELD_V1\node_modules\react-dom\cjs\react-dom.development.js:24930:9)
    at commitPassiveMountEffects_begin (C:\Users\damat\_REPOS\ASTRAL_FIELD_V1\node_modules\react-dom\cjs\react-dom.development.js:24917:7)
    at commitPassiveMountEffects (C:\Users\damat\_REPOS\ASTRAL_FIELD_V1\node_modules\react-dom\cjs\react-dom.development.js:24905:3)
    at flushPassiveEffectsImpl (C:\Users\damat\_REPOS\ASTRAL_FIELD_V1\node_modules\react-dom\cjs\react-dom.development.js:27078:3)
    at flushPassiveEffects (C:\Users\damat\_REPOS\ASTRAL_FIELD_V1\node_modules\react-dom\cjs\react-dom.development.js:27023:14)
    at C:\Users\damat\_REPOS\ASTRAL_FIELD_V1\node_modules\react-dom\cjs\react-dom.development.js:26808:9
    at flushActQueue (C:\Users\damat\_REPOS\ASTRAL_FIELD_V1\node_modules\react\cjs\react.development.js:2667:24)
    at act (C:\Users\damat\_REPOS\ASTRAL_FIELD_V1\node_modules\react\cjs\react.development.js:2582:11)
    at C:\Users\damat\_REPOS\ASTRAL_FIELD_V1\node_modules\@testing-library\react\dist\act-compat.js:47:25
    at renderRoot (C:\Users\damat\_REPOS\ASTRAL_FIELD_V1\node_modules\@testing-library\react\dist\pure.js:180:26)
    at render (C:\Users\damat\_REPOS\ASTRAL_FIELD_V1\node_modules\@testing-library\react\dist\pure.js:271:10)
    at Object.&lt;anonymous&gt; (C:\Users\damat\_REPOS\ASTRAL_FIELD_V1\apps\web\__tests__\components\auth\signin-form.test.tsx:140:13)
    at Promise.then.completed (C:\Users\damat\_REPOS\ASTRAL_FIELD_V1\node_modules\jest-circus\build\utils.js:298:28)
    at new Promise (&lt;anonymous&gt;)
    at callAsyncCircusFn (C:\Users\damat\_REPOS\ASTRAL_FIELD_V1\node_modules\jest-circus\build\utils.js:231:10)
    at _callCircusTest (C:\Users\damat\_REPOS\ASTRAL_FIELD_V1\node_modules\jest-circus\build\run.js:316:40)
    at _runTest (C:\Users\damat\_REPOS\ASTRAL_FIELD_V1\node_modules\jest-circus\build\run.js:252:3)
    at _runTestsForDescribeBlock (C:\Users\damat\_REPOS\ASTRAL_FIELD_V1\node_modules\jest-circus\build\run.js:126:9)
    at _runTestsForDescribeBlock (C:\Users\damat\_REPOS\ASTRAL_FIELD_V1\node_modules\jest-circus\build\run.js:121:9)
    at _runTestsForDescribeBlock (C:\Users\damat\_REPOS\ASTRAL_FIELD_V1\node_modules\jest-circus\build\run.js:121:9)
    at run (C:\Users\damat\_REPOS\ASTRAL_FIELD_V1\node_modules\jest-circus\build\run.js:71:3)
    at runAndTransformResultsToJestFormat (C:\Users\damat\_REPOS\ASTRAL_FIELD_V1\node_modules\jest-circus\build\legacy-code-todo-rewrite\jestAdapterInit.js:122:21)
    at jestAdapter (C:\Users\damat\_REPOS\ASTRAL_FIELD_V1\node_modules\jest-circus\build\legacy-code-todo-rewrite\jestAdapter.js:79:19)
    at runTestInternal (C:\Users\damat\_REPOS\ASTRAL_FIELD_V1\node_modules\jest-runner\build\runTest.js:367:16)
    at runTest (C:\Users\damat\_REPOS\ASTRAL_FIELD_V1\node_modules\jest-runner\build\runTest.js:444:34)</failure>
    </testcase>
    <testcase classname="SignIn Form Component Form Validation should accept valid email formats" name="SignIn Form Component Form Validation should accept valid email formats" time="0.018">
      <failure>TypeError: router.prefetch is not a function
    at prefetch (C:\Users\damat\_REPOS\ASTRAL_FIELD_V1\apps\web\src\app\auth\signin\page.tsx:40:12)
    at commitHookEffectListMount (C:\Users\damat\_REPOS\ASTRAL_FIELD_V1\node_modules\react-dom\cjs\react-dom.development.js:23189:26)
    at commitPassiveMountOnFiber (C:\Users\damat\_REPOS\ASTRAL_FIELD_V1\node_modules\react-dom\cjs\react-dom.development.js:24970:11)
    at commitPassiveMountEffects_complete (C:\Users\damat\_REPOS\ASTRAL_FIELD_V1\node_modules\react-dom\cjs\react-dom.development.js:24930:9)
    at commitPassiveMountEffects_begin (C:\Users\damat\_REPOS\ASTRAL_FIELD_V1\node_modules\react-dom\cjs\react-dom.development.js:24917:7)
    at commitPassiveMountEffects (C:\Users\damat\_REPOS\ASTRAL_FIELD_V1\node_modules\react-dom\cjs\react-dom.development.js:24905:3)
    at flushPassiveEffectsImpl (C:\Users\damat\_REPOS\ASTRAL_FIELD_V1\node_modules\react-dom\cjs\react-dom.development.js:27078:3)
    at flushPassiveEffects (C:\Users\damat\_REPOS\ASTRAL_FIELD_V1\node_modules\react-dom\cjs\react-dom.development.js:27023:14)
    at C:\Users\damat\_REPOS\ASTRAL_FIELD_V1\node_modules\react-dom\cjs\react-dom.development.js:26808:9
    at flushActQueue (C:\Users\damat\_REPOS\ASTRAL_FIELD_V1\node_modules\react\cjs\react.development.js:2667:24)
    at act (C:\Users\damat\_REPOS\ASTRAL_FIELD_V1\node_modules\react\cjs\react.development.js:2582:11)
    at C:\Users\damat\_REPOS\ASTRAL_FIELD_V1\node_modules\@testing-library\react\dist\act-compat.js:47:25
    at renderRoot (C:\Users\damat\_REPOS\ASTRAL_FIELD_V1\node_modules\@testing-library\react\dist\pure.js:180:26)
    at render (C:\Users\damat\_REPOS\ASTRAL_FIELD_V1\node_modules\@testing-library\react\dist\pure.js:271:10)
    at Object.&lt;anonymous&gt; (C:\Users\damat\_REPOS\ASTRAL_FIELD_V1\apps\web\__tests__\components\auth\signin-form.test.tsx:158:13)
    at Promise.then.completed (C:\Users\damat\_REPOS\ASTRAL_FIELD_V1\node_modules\jest-circus\build\utils.js:298:28)
    at new Promise (&lt;anonymous&gt;)
    at callAsyncCircusFn (C:\Users\damat\_REPOS\ASTRAL_FIELD_V1\node_modules\jest-circus\build\utils.js:231:10)
    at _callCircusTest (C:\Users\damat\_REPOS\ASTRAL_FIELD_V1\node_modules\jest-circus\build\run.js:316:40)
    at _runTest (C:\Users\damat\_REPOS\ASTRAL_FIELD_V1\node_modules\jest-circus\build\run.js:252:3)
    at _runTestsForDescribeBlock (C:\Users\damat\_REPOS\ASTRAL_FIELD_V1\node_modules\jest-circus\build\run.js:126:9)
    at _runTestsForDescribeBlock (C:\Users\damat\_REPOS\ASTRAL_FIELD_V1\node_modules\jest-circus\build\run.js:121:9)
    at _runTestsForDescribeBlock (C:\Users\damat\_REPOS\ASTRAL_FIELD_V1\node_modules\jest-circus\build\run.js:121:9)
    at run (C:\Users\damat\_REPOS\ASTRAL_FIELD_V1\node_modules\jest-circus\build\run.js:71:3)
    at runAndTransformResultsToJestFormat (C:\Users\damat\_REPOS\ASTRAL_FIELD_V1\node_modules\jest-circus\build\legacy-code-todo-rewrite\jestAdapterInit.js:122:21)
    at jestAdapter (C:\Users\damat\_REPOS\ASTRAL_FIELD_V1\node_modules\jest-circus\build\legacy-code-todo-rewrite\jestAdapter.js:79:19)
    at runTestInternal (C:\Users\damat\_REPOS\ASTRAL_FIELD_V1\node_modules\jest-runner\build\runTest.js:367:16)
    at runTest (C:\Users\damat\_REPOS\ASTRAL_FIELD_V1\node_modules\jest-runner\build\runTest.js:444:34)</failure>
    </testcase>
    <testcase classname="SignIn Form Component Form Submission should handle successful login" name="SignIn Form Component Form Submission should handle successful login" time="0.012">
      <failure>TypeError: router.prefetch is not a function
    at prefetch (C:\Users\damat\_REPOS\ASTRAL_FIELD_V1\apps\web\src\app\auth\signin\page.tsx:40:12)
    at commitHookEffectListMount (C:\Users\damat\_REPOS\ASTRAL_FIELD_V1\node_modules\react-dom\cjs\react-dom.development.js:23189:26)
    at commitPassiveMountOnFiber (C:\Users\damat\_REPOS\ASTRAL_FIELD_V1\node_modules\react-dom\cjs\react-dom.development.js:24970:11)
    at commitPassiveMountEffects_complete (C:\Users\damat\_REPOS\ASTRAL_FIELD_V1\node_modules\react-dom\cjs\react-dom.development.js:24930:9)
    at commitPassiveMountEffects_begin (C:\Users\damat\_REPOS\ASTRAL_FIELD_V1\node_modules\react-dom\cjs\react-dom.development.js:24917:7)
    at commitPassiveMountEffects (C:\Users\damat\_REPOS\ASTRAL_FIELD_V1\node_modules\react-dom\cjs\react-dom.development.js:24905:3)
    at flushPassiveEffectsImpl (C:\Users\damat\_REPOS\ASTRAL_FIELD_V1\node_modules\react-dom\cjs\react-dom.development.js:27078:3)
    at flushPassiveEffects (C:\Users\damat\_REPOS\ASTRAL_FIELD_V1\node_modules\react-dom\cjs\react-dom.development.js:27023:14)
    at C:\Users\damat\_REPOS\ASTRAL_FIELD_V1\node_modules\react-dom\cjs\react-dom.development.js:26808:9
    at flushActQueue (C:\Users\damat\_REPOS\ASTRAL_FIELD_V1\node_modules\react\cjs\react.development.js:2667:24)
    at act (C:\Users\damat\_REPOS\ASTRAL_FIELD_V1\node_modules\react\cjs\react.development.js:2582:11)
    at C:\Users\damat\_REPOS\ASTRAL_FIELD_V1\node_modules\@testing-library\react\dist\act-compat.js:47:25
    at renderRoot (C:\Users\damat\_REPOS\ASTRAL_FIELD_V1\node_modules\@testing-library\react\dist\pure.js:180:26)
    at render (C:\Users\damat\_REPOS\ASTRAL_FIELD_V1\node_modules\@testing-library\react\dist\pure.js:271:10)
    at Object.&lt;anonymous&gt; (C:\Users\damat\_REPOS\ASTRAL_FIELD_V1\apps\web\__tests__\components\auth\signin-form.test.tsx:183:13)
    at Promise.then.completed (C:\Users\damat\_REPOS\ASTRAL_FIELD_V1\node_modules\jest-circus\build\utils.js:298:28)
    at new Promise (&lt;anonymous&gt;)
    at callAsyncCircusFn (C:\Users\damat\_REPOS\ASTRAL_FIELD_V1\node_modules\jest-circus\build\utils.js:231:10)
    at _callCircusTest (C:\Users\damat\_REPOS\ASTRAL_FIELD_V1\node_modules\jest-circus\build\run.js:316:40)
    at _runTest (C:\Users\damat\_REPOS\ASTRAL_FIELD_V1\node_modules\jest-circus\build\run.js:252:3)
    at _runTestsForDescribeBlock (C:\Users\damat\_REPOS\ASTRAL_FIELD_V1\node_modules\jest-circus\build\run.js:126:9)
    at _runTestsForDescribeBlock (C:\Users\damat\_REPOS\ASTRAL_FIELD_V1\node_modules\jest-circus\build\run.js:121:9)
    at _runTestsForDescribeBlock (C:\Users\damat\_REPOS\ASTRAL_FIELD_V1\node_modules\jest-circus\build\run.js:121:9)
    at run (C:\Users\damat\_REPOS\ASTRAL_FIELD_V1\node_modules\jest-circus\build\run.js:71:3)
    at runAndTransformResultsToJestFormat (C:\Users\damat\_REPOS\ASTRAL_FIELD_V1\node_modules\jest-circus\build\legacy-code-todo-rewrite\jestAdapterInit.js:122:21)
    at jestAdapter (C:\Users\damat\_REPOS\ASTRAL_FIELD_V1\node_modules\jest-circus\build\legacy-code-todo-rewrite\jestAdapter.js:79:19)
    at runTestInternal (C:\Users\damat\_REPOS\ASTRAL_FIELD_V1\node_modules\jest-runner\build\runTest.js:367:16)
    at runTest (C:\Users\damat\_REPOS\ASTRAL_FIELD_V1\node_modules\jest-runner\build\runTest.js:444:34)</failure>
    </testcase>
    <testcase classname="SignIn Form Component Form Submission should handle login failure" name="SignIn Form Component Form Submission should handle login failure" time="0.011">
      <failure>TypeError: router.prefetch is not a function
    at prefetch (C:\Users\damat\_REPOS\ASTRAL_FIELD_V1\apps\web\src\app\auth\signin\page.tsx:40:12)
    at commitHookEffectListMount (C:\Users\damat\_REPOS\ASTRAL_FIELD_V1\node_modules\react-dom\cjs\react-dom.development.js:23189:26)
    at commitPassiveMountOnFiber (C:\Users\damat\_REPOS\ASTRAL_FIELD_V1\node_modules\react-dom\cjs\react-dom.development.js:24970:11)
    at commitPassiveMountEffects_complete (C:\Users\damat\_REPOS\ASTRAL_FIELD_V1\node_modules\react-dom\cjs\react-dom.development.js:24930:9)
    at commitPassiveMountEffects_begin (C:\Users\damat\_REPOS\ASTRAL_FIELD_V1\node_modules\react-dom\cjs\react-dom.development.js:24917:7)
    at commitPassiveMountEffects (C:\Users\damat\_REPOS\ASTRAL_FIELD_V1\node_modules\react-dom\cjs\react-dom.development.js:24905:3)
    at flushPassiveEffectsImpl (C:\Users\damat\_REPOS\ASTRAL_FIELD_V1\node_modules\react-dom\cjs\react-dom.development.js:27078:3)
    at flushPassiveEffects (C:\Users\damat\_REPOS\ASTRAL_FIELD_V1\node_modules\react-dom\cjs\react-dom.development.js:27023:14)
    at C:\Users\damat\_REPOS\ASTRAL_FIELD_V1\node_modules\react-dom\cjs\react-dom.development.js:26808:9
    at flushActQueue (C:\Users\damat\_REPOS\ASTRAL_FIELD_V1\node_modules\react\cjs\react.development.js:2667:24)
    at act (C:\Users\damat\_REPOS\ASTRAL_FIELD_V1\node_modules\react\cjs\react.development.js:2582:11)
    at C:\Users\damat\_REPOS\ASTRAL_FIELD_V1\node_modules\@testing-library\react\dist\act-compat.js:47:25
    at renderRoot (C:\Users\damat\_REPOS\ASTRAL_FIELD_V1\node_modules\@testing-library\react\dist\pure.js:180:26)
    at render (C:\Users\damat\_REPOS\ASTRAL_FIELD_V1\node_modules\@testing-library\react\dist\pure.js:271:10)
    at Object.&lt;anonymous&gt; (C:\Users\damat\_REPOS\ASTRAL_FIELD_V1\apps\web\__tests__\components\auth\signin-form.test.tsx:213:13)
    at Promise.then.completed (C:\Users\damat\_REPOS\ASTRAL_FIELD_V1\node_modules\jest-circus\build\utils.js:298:28)
    at new Promise (&lt;anonymous&gt;)
    at callAsyncCircusFn (C:\Users\damat\_REPOS\ASTRAL_FIELD_V1\node_modules\jest-circus\build\utils.js:231:10)
    at _callCircusTest (C:\Users\damat\_REPOS\ASTRAL_FIELD_V1\node_modules\jest-circus\build\run.js:316:40)
    at _runTest (C:\Users\damat\_REPOS\ASTRAL_FIELD_V1\node_modules\jest-circus\build\run.js:252:3)
    at _runTestsForDescribeBlock (C:\Users\damat\_REPOS\ASTRAL_FIELD_V1\node_modules\jest-circus\build\run.js:126:9)
    at _runTestsForDescribeBlock (C:\Users\damat\_REPOS\ASTRAL_FIELD_V1\node_modules\jest-circus\build\run.js:121:9)
    at _runTestsForDescribeBlock (C:\Users\damat\_REPOS\ASTRAL_FIELD_V1\node_modules\jest-circus\build\run.js:121:9)
    at run (C:\Users\damat\_REPOS\ASTRAL_FIELD_V1\node_modules\jest-circus\build\run.js:71:3)
    at runAndTransformResultsToJestFormat (C:\Users\damat\_REPOS\ASTRAL_FIELD_V1\node_modules\jest-circus\build\legacy-code-todo-rewrite\jestAdapterInit.js:122:21)
    at jestAdapter (C:\Users\damat\_REPOS\ASTRAL_FIELD_V1\node_modules\jest-circus\build\legacy-code-todo-rewrite\jestAdapter.js:79:19)
    at runTestInternal (C:\Users\damat\_REPOS\ASTRAL_FIELD_V1\node_modules\jest-runner\build\runTest.js:367:16)
    at runTest (C:\Users\damat\_REPOS\ASTRAL_FIELD_V1\node_modules\jest-runner\build\runTest.js:444:34)</failure>
    </testcase>
    <testcase classname="SignIn Form Component Form Submission should handle network errors" name="SignIn Form Component Form Submission should handle network errors" time="0.028">
      <failure>TypeError: router.prefetch is not a function
    at prefetch (C:\Users\damat\_REPOS\ASTRAL_FIELD_V1\apps\web\src\app\auth\signin\page.tsx:40:12)
    at commitHookEffectListMount (C:\Users\damat\_REPOS\ASTRAL_FIELD_V1\node_modules\react-dom\cjs\react-dom.development.js:23189:26)
    at commitPassiveMountOnFiber (C:\Users\damat\_REPOS\ASTRAL_FIELD_V1\node_modules\react-dom\cjs\react-dom.development.js:24970:11)
    at commitPassiveMountEffects_complete (C:\Users\damat\_REPOS\ASTRAL_FIELD_V1\node_modules\react-dom\cjs\react-dom.development.js:24930:9)
    at commitPassiveMountEffects_begin (C:\Users\damat\_REPOS\ASTRAL_FIELD_V1\node_modules\react-dom\cjs\react-dom.development.js:24917:7)
    at commitPassiveMountEffects (C:\Users\damat\_REPOS\ASTRAL_FIELD_V1\node_modules\react-dom\cjs\react-dom.development.js:24905:3)
    at flushPassiveEffectsImpl (C:\Users\damat\_REPOS\ASTRAL_FIELD_V1\node_modules\react-dom\cjs\react-dom.development.js:27078:3)
    at flushPassiveEffects (C:\Users\damat\_REPOS\ASTRAL_FIELD_V1\node_modules\react-dom\cjs\react-dom.development.js:27023:14)
    at C:\Users\damat\_REPOS\ASTRAL_FIELD_V1\node_modules\react-dom\cjs\react-dom.development.js:26808:9
    at flushActQueue (C:\Users\damat\_REPOS\ASTRAL_FIELD_V1\node_modules\react\cjs\react.development.js:2667:24)
    at act (C:\Users\damat\_REPOS\ASTRAL_FIELD_V1\node_modules\react\cjs\react.development.js:2582:11)
    at C:\Users\damat\_REPOS\ASTRAL_FIELD_V1\node_modules\@testing-library\react\dist\act-compat.js:47:25
    at renderRoot (C:\Users\damat\_REPOS\ASTRAL_FIELD_V1\node_modules\@testing-library\react\dist\pure.js:180:26)
    at render (C:\Users\damat\_REPOS\ASTRAL_FIELD_V1\node_modules\@testing-library\react\dist\pure.js:271:10)
    at Object.&lt;anonymous&gt; (C:\Users\damat\_REPOS\ASTRAL_FIELD_V1\apps\web\__tests__\components\auth\signin-form.test.tsx:234:13)
    at Promise.then.completed (C:\Users\damat\_REPOS\ASTRAL_FIELD_V1\node_modules\jest-circus\build\utils.js:298:28)
    at new Promise (&lt;anonymous&gt;)
    at callAsyncCircusFn (C:\Users\damat\_REPOS\ASTRAL_FIELD_V1\node_modules\jest-circus\build\utils.js:231:10)
    at _callCircusTest (C:\Users\damat\_REPOS\ASTRAL_FIELD_V1\node_modules\jest-circus\build\run.js:316:40)
    at _runTest (C:\Users\damat\_REPOS\ASTRAL_FIELD_V1\node_modules\jest-circus\build\run.js:252:3)
    at _runTestsForDescribeBlock (C:\Users\damat\_REPOS\ASTRAL_FIELD_V1\node_modules\jest-circus\build\run.js:126:9)
    at _runTestsForDescribeBlock (C:\Users\damat\_REPOS\ASTRAL_FIELD_V1\node_modules\jest-circus\build\run.js:121:9)
    at _runTestsForDescribeBlock (C:\Users\damat\_REPOS\ASTRAL_FIELD_V1\node_modules\jest-circus\build\run.js:121:9)
    at run (C:\Users\damat\_REPOS\ASTRAL_FIELD_V1\node_modules\jest-circus\build\run.js:71:3)
    at runAndTransformResultsToJestFormat (C:\Users\damat\_REPOS\ASTRAL_FIELD_V1\node_modules\jest-circus\build\legacy-code-todo-rewrite\jestAdapterInit.js:122:21)
    at jestAdapter (C:\Users\damat\_REPOS\ASTRAL_FIELD_V1\node_modules\jest-circus\build\legacy-code-todo-rewrite\jestAdapter.js:79:19)
    at runTestInternal (C:\Users\damat\_REPOS\ASTRAL_FIELD_V1\node_modules\jest-runner\build\runTest.js:367:16)
    at runTest (C:\Users\damat\_REPOS\ASTRAL_FIELD_V1\node_modules\jest-runner\build\runTest.js:444:34)</failure>
    </testcase>
    <testcase classname="SignIn Form Component Form Submission should show loading state during submission" name="SignIn Form Component Form Submission should show loading state during submission" time="0.031">
      <failure>TypeError: router.prefetch is not a function
    at prefetch (C:\Users\damat\_REPOS\ASTRAL_FIELD_V1\apps\web\src\app\auth\signin\page.tsx:40:12)
    at commitHookEffectListMount (C:\Users\damat\_REPOS\ASTRAL_FIELD_V1\node_modules\react-dom\cjs\react-dom.development.js:23189:26)
    at commitPassiveMountOnFiber (C:\Users\damat\_REPOS\ASTRAL_FIELD_V1\node_modules\react-dom\cjs\react-dom.development.js:24970:11)
    at commitPassiveMountEffects_complete (C:\Users\damat\_REPOS\ASTRAL_FIELD_V1\node_modules\react-dom\cjs\react-dom.development.js:24930:9)
    at commitPassiveMountEffects_begin (C:\Users\damat\_REPOS\ASTRAL_FIELD_V1\node_modules\react-dom\cjs\react-dom.development.js:24917:7)
    at commitPassiveMountEffects (C:\Users\damat\_REPOS\ASTRAL_FIELD_V1\node_modules\react-dom\cjs\react-dom.development.js:24905:3)
    at flushPassiveEffectsImpl (C:\Users\damat\_REPOS\ASTRAL_FIELD_V1\node_modules\react-dom\cjs\react-dom.development.js:27078:3)
    at flushPassiveEffects (C:\Users\damat\_REPOS\ASTRAL_FIELD_V1\node_modules\react-dom\cjs\react-dom.development.js:27023:14)
    at C:\Users\damat\_REPOS\ASTRAL_FIELD_V1\node_modules\react-dom\cjs\react-dom.development.js:26808:9
    at flushActQueue (C:\Users\damat\_REPOS\ASTRAL_FIELD_V1\node_modules\react\cjs\react.development.js:2667:24)
    at act (C:\Users\damat\_REPOS\ASTRAL_FIELD_V1\node_modules\react\cjs\react.development.js:2582:11)
    at C:\Users\damat\_REPOS\ASTRAL_FIELD_V1\node_modules\@testing-library\react\dist\act-compat.js:47:25
    at renderRoot (C:\Users\damat\_REPOS\ASTRAL_FIELD_V1\node_modules\@testing-library\react\dist\pure.js:180:26)
    at render (C:\Users\damat\_REPOS\ASTRAL_FIELD_V1\node_modules\@testing-library\react\dist\pure.js:271:10)
    at Object.&lt;anonymous&gt; (C:\Users\damat\_REPOS\ASTRAL_FIELD_V1\apps\web\__tests__\components\auth\signin-form.test.tsx:256:13)
    at Promise.then.completed (C:\Users\damat\_REPOS\ASTRAL_FIELD_V1\node_modules\jest-circus\build\utils.js:298:28)
    at new Promise (&lt;anonymous&gt;)
    at callAsyncCircusFn (C:\Users\damat\_REPOS\ASTRAL_FIELD_V1\node_modules\jest-circus\build\utils.js:231:10)
    at _callCircusTest (C:\Users\damat\_REPOS\ASTRAL_FIELD_V1\node_modules\jest-circus\build\run.js:316:40)
    at _runTest (C:\Users\damat\_REPOS\ASTRAL_FIELD_V1\node_modules\jest-circus\build\run.js:252:3)
    at _runTestsForDescribeBlock (C:\Users\damat\_REPOS\ASTRAL_FIELD_V1\node_modules\jest-circus\build\run.js:126:9)
    at _runTestsForDescribeBlock (C:\Users\damat\_REPOS\ASTRAL_FIELD_V1\node_modules\jest-circus\build\run.js:121:9)
    at _runTestsForDescribeBlock (C:\Users\damat\_REPOS\ASTRAL_FIELD_V1\node_modules\jest-circus\build\run.js:121:9)
    at run (C:\Users\damat\_REPOS\ASTRAL_FIELD_V1\node_modules\jest-circus\build\run.js:71:3)
    at runAndTransformResultsToJestFormat (C:\Users\damat\_REPOS\ASTRAL_FIELD_V1\node_modules\jest-circus\build\legacy-code-todo-rewrite\jestAdapterInit.js:122:21)
    at jestAdapter (C:\Users\damat\_REPOS\ASTRAL_FIELD_V1\node_modules\jest-circus\build\legacy-code-todo-rewrite\jestAdapter.js:79:19)
    at runTestInternal (C:\Users\damat\_REPOS\ASTRAL_FIELD_V1\node_modules\jest-runner\build\runTest.js:367:16)
    at runTest (C:\Users\damat\_REPOS\ASTRAL_FIELD_V1\node_modules\jest-runner\build\runTest.js:444:34)</failure>
    </testcase>
    <testcase classname="SignIn Form Component Form Submission should prevent double submission" name="SignIn Form Component Form Submission should prevent double submission" time="0.02">
      <failure>TypeError: router.prefetch is not a function
    at prefetch (C:\Users\damat\_REPOS\ASTRAL_FIELD_V1\apps\web\src\app\auth\signin\page.tsx:40:12)
    at commitHookEffectListMount (C:\Users\damat\_REPOS\ASTRAL_FIELD_V1\node_modules\react-dom\cjs\react-dom.development.js:23189:26)
    at commitPassiveMountOnFiber (C:\Users\damat\_REPOS\ASTRAL_FIELD_V1\node_modules\react-dom\cjs\react-dom.development.js:24970:11)
    at commitPassiveMountEffects_complete (C:\Users\damat\_REPOS\ASTRAL_FIELD_V1\node_modules\react-dom\cjs\react-dom.development.js:24930:9)
    at commitPassiveMountEffects_begin (C:\Users\damat\_REPOS\ASTRAL_FIELD_V1\node_modules\react-dom\cjs\react-dom.development.js:24917:7)
    at commitPassiveMountEffects (C:\Users\damat\_REPOS\ASTRAL_FIELD_V1\node_modules\react-dom\cjs\react-dom.development.js:24905:3)
    at flushPassiveEffectsImpl (C:\Users\damat\_REPOS\ASTRAL_FIELD_V1\node_modules\react-dom\cjs\react-dom.development.js:27078:3)
    at flushPassiveEffects (C:\Users\damat\_REPOS\ASTRAL_FIELD_V1\node_modules\react-dom\cjs\react-dom.development.js:27023:14)
    at C:\Users\damat\_REPOS\ASTRAL_FIELD_V1\node_modules\react-dom\cjs\react-dom.development.js:26808:9
    at flushActQueue (C:\Users\damat\_REPOS\ASTRAL_FIELD_V1\node_modules\react\cjs\react.development.js:2667:24)
    at act (C:\Users\damat\_REPOS\ASTRAL_FIELD_V1\node_modules\react\cjs\react.development.js:2582:11)
    at C:\Users\damat\_REPOS\ASTRAL_FIELD_V1\node_modules\@testing-library\react\dist\act-compat.js:47:25
    at renderRoot (C:\Users\damat\_REPOS\ASTRAL_FIELD_V1\node_modules\@testing-library\react\dist\pure.js:180:26)
    at render (C:\Users\damat\_REPOS\ASTRAL_FIELD_V1\node_modules\@testing-library\react\dist\pure.js:271:10)
    at Object.&lt;anonymous&gt; (C:\Users\damat\_REPOS\ASTRAL_FIELD_V1\apps\web\__tests__\components\auth\signin-form.test.tsx:289:13)
    at Promise.then.completed (C:\Users\damat\_REPOS\ASTRAL_FIELD_V1\node_modules\jest-circus\build\utils.js:298:28)
    at new Promise (&lt;anonymous&gt;)
    at callAsyncCircusFn (C:\Users\damat\_REPOS\ASTRAL_FIELD_V1\node_modules\jest-circus\build\utils.js:231:10)
    at _callCircusTest (C:\Users\damat\_REPOS\ASTRAL_FIELD_V1\node_modules\jest-circus\build\run.js:316:40)
    at _runTest (C:\Users\damat\_REPOS\ASTRAL_FIELD_V1\node_modules\jest-circus\build\run.js:252:3)
    at _runTestsForDescribeBlock (C:\Users\damat\_REPOS\ASTRAL_FIELD_V1\node_modules\jest-circus\build\run.js:126:9)
    at _runTestsForDescribeBlock (C:\Users\damat\_REPOS\ASTRAL_FIELD_V1\node_modules\jest-circus\build\run.js:121:9)
    at _runTestsForDescribeBlock (C:\Users\damat\_REPOS\ASTRAL_FIELD_V1\node_modules\jest-circus\build\run.js:121:9)
    at run (C:\Users\damat\_REPOS\ASTRAL_FIELD_V1\node_modules\jest-circus\build\run.js:71:3)
    at runAndTransformResultsToJestFormat (C:\Users\damat\_REPOS\ASTRAL_FIELD_V1\node_modules\jest-circus\build\legacy-code-todo-rewrite\jestAdapterInit.js:122:21)
    at jestAdapter (C:\Users\damat\_REPOS\ASTRAL_FIELD_V1\node_modules\jest-circus\build\legacy-code-todo-rewrite\jestAdapter.js:79:19)
    at runTestInternal (C:\Users\damat\_REPOS\ASTRAL_FIELD_V1\node_modules\jest-runner\build\runTest.js:367:16)
    at runTest (C:\Users\damat\_REPOS\ASTRAL_FIELD_V1\node_modules\jest-runner\build\runTest.js:444:34)</failure>
    </testcase>
    <testcase classname="SignIn Form Component Session Establishment and Redirect Flow - CRITICAL should establish session and redirect after successful authentication" name="SignIn Form Component Session Establishment and Redirect Flow - CRITICAL should establish session and redirect after successful authentication" time="0.015">
      <failure>TypeError: router.prefetch is not a function
    at prefetch (C:\Users\damat\_REPOS\ASTRAL_FIELD_V1\apps\web\src\app\auth\signin\page.tsx:40:12)
    at commitHookEffectListMount (C:\Users\damat\_REPOS\ASTRAL_FIELD_V1\node_modules\react-dom\cjs\react-dom.development.js:23189:26)
    at commitPassiveMountOnFiber (C:\Users\damat\_REPOS\ASTRAL_FIELD_V1\node_modules\react-dom\cjs\react-dom.development.js:24970:11)
    at commitPassiveMountEffects_complete (C:\Users\damat\_REPOS\ASTRAL_FIELD_V1\node_modules\react-dom\cjs\react-dom.development.js:24930:9)
    at commitPassiveMountEffects_begin (C:\Users\damat\_REPOS\ASTRAL_FIELD_V1\node_modules\react-dom\cjs\react-dom.development.js:24917:7)
    at commitPassiveMountEffects (C:\Users\damat\_REPOS\ASTRAL_FIELD_V1\node_modules\react-dom\cjs\react-dom.development.js:24905:3)
    at flushPassiveEffectsImpl (C:\Users\damat\_REPOS\ASTRAL_FIELD_V1\node_modules\react-dom\cjs\react-dom.development.js:27078:3)
    at flushPassiveEffects (C:\Users\damat\_REPOS\ASTRAL_FIELD_V1\node_modules\react-dom\cjs\react-dom.development.js:27023:14)
    at C:\Users\damat\_REPOS\ASTRAL_FIELD_V1\node_modules\react-dom\cjs\react-dom.development.js:26808:9
    at flushActQueue (C:\Users\damat\_REPOS\ASTRAL_FIELD_V1\node_modules\react\cjs\react.development.js:2667:24)
    at act (C:\Users\damat\_REPOS\ASTRAL_FIELD_V1\node_modules\react\cjs\react.development.js:2582:11)
    at C:\Users\damat\_REPOS\ASTRAL_FIELD_V1\node_modules\@testing-library\react\dist\act-compat.js:47:25
    at renderRoot (C:\Users\damat\_REPOS\ASTRAL_FIELD_V1\node_modules\@testing-library\react\dist\pure.js:180:26)
    at render (C:\Users\damat\_REPOS\ASTRAL_FIELD_V1\node_modules\@testing-library\react\dist\pure.js:271:10)
    at Object.&lt;anonymous&gt; (C:\Users\damat\_REPOS\ASTRAL_FIELD_V1\apps\web\__tests__\components\auth\signin-form.test.tsx:337:13)
    at Promise.then.completed (C:\Users\damat\_REPOS\ASTRAL_FIELD_V1\node_modules\jest-circus\build\utils.js:298:28)
    at new Promise (&lt;anonymous&gt;)
    at callAsyncCircusFn (C:\Users\damat\_REPOS\ASTRAL_FIELD_V1\node_modules\jest-circus\build\utils.js:231:10)
    at _callCircusTest (C:\Users\damat\_REPOS\ASTRAL_FIELD_V1\node_modules\jest-circus\build\run.js:316:40)
    at _runTest (C:\Users\damat\_REPOS\ASTRAL_FIELD_V1\node_modules\jest-circus\build\run.js:252:3)
    at _runTestsForDescribeBlock (C:\Users\damat\_REPOS\ASTRAL_FIELD_V1\node_modules\jest-circus\build\run.js:126:9)
    at _runTestsForDescribeBlock (C:\Users\damat\_REPOS\ASTRAL_FIELD_V1\node_modules\jest-circus\build\run.js:121:9)
    at _runTestsForDescribeBlock (C:\Users\damat\_REPOS\ASTRAL_FIELD_V1\node_modules\jest-circus\build\run.js:121:9)
    at run (C:\Users\damat\_REPOS\ASTRAL_FIELD_V1\node_modules\jest-circus\build\run.js:71:3)
    at runAndTransformResultsToJestFormat (C:\Users\damat\_REPOS\ASTRAL_FIELD_V1\node_modules\jest-circus\build\legacy-code-todo-rewrite\jestAdapterInit.js:122:21)
    at jestAdapter (C:\Users\damat\_REPOS\ASTRAL_FIELD_V1\node_modules\jest-circus\build\legacy-code-todo-rewrite\jestAdapter.js:79:19)
    at runTestInternal (C:\Users\damat\_REPOS\ASTRAL_FIELD_V1\node_modules\jest-runner\build\runTest.js:367:16)
    at runTest (C:\Users\damat\_REPOS\ASTRAL_FIELD_V1\node_modules\jest-runner\build\runTest.js:444:34)</failure>
    </testcase>
    <testcase classname="SignIn Form Component Session Establishment and Redirect Flow - CRITICAL should handle session establishment timeout gracefully" name="SignIn Form Component Session Establishment and Redirect Flow - CRITICAL should handle session establishment timeout gracefully" time="0.027">
      <failure>TypeError: router.prefetch is not a function
    at prefetch (C:\Users\damat\_REPOS\ASTRAL_FIELD_V1\apps\web\src\app\auth\signin\page.tsx:40:12)
    at commitHookEffectListMount (C:\Users\damat\_REPOS\ASTRAL_FIELD_V1\node_modules\react-dom\cjs\react-dom.development.js:23189:26)
    at commitPassiveMountOnFiber (C:\Users\damat\_REPOS\ASTRAL_FIELD_V1\node_modules\react-dom\cjs\react-dom.development.js:24970:11)
    at commitPassiveMountEffects_complete (C:\Users\damat\_REPOS\ASTRAL_FIELD_V1\node_modules\react-dom\cjs\react-dom.development.js:24930:9)
    at commitPassiveMountEffects_begin (C:\Users\damat\_REPOS\ASTRAL_FIELD_V1\node_modules\react-dom\cjs\react-dom.development.js:24917:7)
    at commitPassiveMountEffects (C:\Users\damat\_REPOS\ASTRAL_FIELD_V1\node_modules\react-dom\cjs\react-dom.development.js:24905:3)
    at flushPassiveEffectsImpl (C:\Users\damat\_REPOS\ASTRAL_FIELD_V1\node_modules\react-dom\cjs\react-dom.development.js:27078:3)
    at flushPassiveEffects (C:\Users\damat\_REPOS\ASTRAL_FIELD_V1\node_modules\react-dom\cjs\react-dom.development.js:27023:14)
    at C:\Users\damat\_REPOS\ASTRAL_FIELD_V1\node_modules\react-dom\cjs\react-dom.development.js:26808:9
    at flushActQueue (C:\Users\damat\_REPOS\ASTRAL_FIELD_V1\node_modules\react\cjs\react.development.js:2667:24)
    at act (C:\Users\damat\_REPOS\ASTRAL_FIELD_V1\node_modules\react\cjs\react.development.js:2582:11)
    at C:\Users\damat\_REPOS\ASTRAL_FIELD_V1\node_modules\@testing-library\react\dist\act-compat.js:47:25
    at renderRoot (C:\Users\damat\_REPOS\ASTRAL_FIELD_V1\node_modules\@testing-library\react\dist\pure.js:180:26)
    at render (C:\Users\damat\_REPOS\ASTRAL_FIELD_V1\node_modules\@testing-library\react\dist\pure.js:271:10)
    at Object.&lt;anonymous&gt; (C:\Users\damat\_REPOS\ASTRAL_FIELD_V1\apps\web\__tests__\components\auth\signin-form.test.tsx:381:13)
    at Promise.then.completed (C:\Users\damat\_REPOS\ASTRAL_FIELD_V1\node_modules\jest-circus\build\utils.js:298:28)
    at new Promise (&lt;anonymous&gt;)
    at callAsyncCircusFn (C:\Users\damat\_REPOS\ASTRAL_FIELD_V1\node_modules\jest-circus\build\utils.js:231:10)
    at _callCircusTest (C:\Users\damat\_REPOS\ASTRAL_FIELD_V1\node_modules\jest-circus\build\run.js:316:40)
    at _runTest (C:\Users\damat\_REPOS\ASTRAL_FIELD_V1\node_modules\jest-circus\build\run.js:252:3)
    at _runTestsForDescribeBlock (C:\Users\damat\_REPOS\ASTRAL_FIELD_V1\node_modules\jest-circus\build\run.js:126:9)
    at _runTestsForDescribeBlock (C:\Users\damat\_REPOS\ASTRAL_FIELD_V1\node_modules\jest-circus\build\run.js:121:9)
    at _runTestsForDescribeBlock (C:\Users\damat\_REPOS\ASTRAL_FIELD_V1\node_modules\jest-circus\build\run.js:121:9)
    at run (C:\Users\damat\_REPOS\ASTRAL_FIELD_V1\node_modules\jest-circus\build\run.js:71:3)
    at runAndTransformResultsToJestFormat (C:\Users\damat\_REPOS\ASTRAL_FIELD_V1\node_modules\jest-circus\build\legacy-code-todo-rewrite\jestAdapterInit.js:122:21)
    at jestAdapter (C:\Users\damat\_REPOS\ASTRAL_FIELD_V1\node_modules\jest-circus\build\legacy-code-todo-rewrite\jestAdapter.js:79:19)
    at runTestInternal (C:\Users\damat\_REPOS\ASTRAL_FIELD_V1\node_modules\jest-runner\build\runTest.js:367:16)
    at runTest (C:\Users\damat\_REPOS\ASTRAL_FIELD_V1\node_modules\jest-runner\build\runTest.js:444:34)</failure>
    </testcase>
    <testcase classname="SignIn Form Component Session Establishment and Redirect Flow - CRITICAL should retry session checking with proper intervals" name="SignIn Form Component Session Establishment and Redirect Flow - CRITICAL should retry session checking with proper intervals" time="0.012">
      <failure>TypeError: router.prefetch is not a function
    at prefetch (C:\Users\damat\_REPOS\ASTRAL_FIELD_V1\apps\web\src\app\auth\signin\page.tsx:40:12)
    at commitHookEffectListMount (C:\Users\damat\_REPOS\ASTRAL_FIELD_V1\node_modules\react-dom\cjs\react-dom.development.js:23189:26)
    at commitPassiveMountOnFiber (C:\Users\damat\_REPOS\ASTRAL_FIELD_V1\node_modules\react-dom\cjs\react-dom.development.js:24970:11)
    at commitPassiveMountEffects_complete (C:\Users\damat\_REPOS\ASTRAL_FIELD_V1\node_modules\react-dom\cjs\react-dom.development.js:24930:9)
    at commitPassiveMountEffects_begin (C:\Users\damat\_REPOS\ASTRAL_FIELD_V1\node_modules\react-dom\cjs\react-dom.development.js:24917:7)
    at commitPassiveMountEffects (C:\Users\damat\_REPOS\ASTRAL_FIELD_V1\node_modules\react-dom\cjs\react-dom.development.js:24905:3)
    at flushPassiveEffectsImpl (C:\Users\damat\_REPOS\ASTRAL_FIELD_V1\node_modules\react-dom\cjs\react-dom.development.js:27078:3)
    at flushPassiveEffects (C:\Users\damat\_REPOS\ASTRAL_FIELD_V1\node_modules\react-dom\cjs\react-dom.development.js:27023:14)
    at C:\Users\damat\_REPOS\ASTRAL_FIELD_V1\node_modules\react-dom\cjs\react-dom.development.js:26808:9
    at flushActQueue (C:\Users\damat\_REPOS\ASTRAL_FIELD_V1\node_modules\react\cjs\react.development.js:2667:24)
    at act (C:\Users\damat\_REPOS\ASTRAL_FIELD_V1\node_modules\react\cjs\react.development.js:2582:11)
    at C:\Users\damat\_REPOS\ASTRAL_FIELD_V1\node_modules\@testing-library\react\dist\act-compat.js:47:25
    at renderRoot (C:\Users\damat\_REPOS\ASTRAL_FIELD_V1\node_modules\@testing-library\react\dist\pure.js:180:26)
    at render (C:\Users\damat\_REPOS\ASTRAL_FIELD_V1\node_modules\@testing-library\react\dist\pure.js:271:10)
    at Object.&lt;anonymous&gt; (C:\Users\damat\_REPOS\ASTRAL_FIELD_V1\apps\web\__tests__\components\auth\signin-form.test.tsx:412:13)
    at Promise.then.completed (C:\Users\damat\_REPOS\ASTRAL_FIELD_V1\node_modules\jest-circus\build\utils.js:298:28)
    at new Promise (&lt;anonymous&gt;)
    at callAsyncCircusFn (C:\Users\damat\_REPOS\ASTRAL_FIELD_V1\node_modules\jest-circus\build\utils.js:231:10)
    at _callCircusTest (C:\Users\damat\_REPOS\ASTRAL_FIELD_V1\node_modules\jest-circus\build\run.js:316:40)
    at _runTest (C:\Users\damat\_REPOS\ASTRAL_FIELD_V1\node_modules\jest-circus\build\run.js:252:3)
    at _runTestsForDescribeBlock (C:\Users\damat\_REPOS\ASTRAL_FIELD_V1\node_modules\jest-circus\build\run.js:126:9)
    at _runTestsForDescribeBlock (C:\Users\damat\_REPOS\ASTRAL_FIELD_V1\node_modules\jest-circus\build\run.js:121:9)
    at _runTestsForDescribeBlock (C:\Users\damat\_REPOS\ASTRAL_FIELD_V1\node_modules\jest-circus\build\run.js:121:9)
    at run (C:\Users\damat\_REPOS\ASTRAL_FIELD_V1\node_modules\jest-circus\build\run.js:71:3)
    at runAndTransformResultsToJestFormat (C:\Users\damat\_REPOS\ASTRAL_FIELD_V1\node_modules\jest-circus\build\legacy-code-todo-rewrite\jestAdapterInit.js:122:21)
    at jestAdapter (C:\Users\damat\_REPOS\ASTRAL_FIELD_V1\node_modules\jest-circus\build\legacy-code-todo-rewrite\jestAdapter.js:79:19)
    at runTestInternal (C:\Users\damat\_REPOS\ASTRAL_FIELD_V1\node_modules\jest-runner\build\runTest.js:367:16)
    at runTest (C:\Users\damat\_REPOS\ASTRAL_FIELD_V1\node_modules\jest-runner\build\runTest.js:444:34)</failure>
    </testcase>
    <testcase classname="SignIn Form Component Session Establishment and Redirect Flow - CRITICAL should handle custom callback URL correctly" name="SignIn Form Component Session Establishment and Redirect Flow - CRITICAL should handle custom callback URL correctly" time="0.017">
      <failure>TypeError: router.prefetch is not a function
    at prefetch (C:\Users\damat\_REPOS\ASTRAL_FIELD_V1\apps\web\src\app\auth\signin\page.tsx:40:12)
    at commitHookEffectListMount (C:\Users\damat\_REPOS\ASTRAL_FIELD_V1\node_modules\react-dom\cjs\react-dom.development.js:23189:26)
    at commitPassiveMountOnFiber (C:\Users\damat\_REPOS\ASTRAL_FIELD_V1\node_modules\react-dom\cjs\react-dom.development.js:24970:11)
    at commitPassiveMountEffects_complete (C:\Users\damat\_REPOS\ASTRAL_FIELD_V1\node_modules\react-dom\cjs\react-dom.development.js:24930:9)
    at commitPassiveMountEffects_begin (C:\Users\damat\_REPOS\ASTRAL_FIELD_V1\node_modules\react-dom\cjs\react-dom.development.js:24917:7)
    at commitPassiveMountEffects (C:\Users\damat\_REPOS\ASTRAL_FIELD_V1\node_modules\react-dom\cjs\react-dom.development.js:24905:3)
    at flushPassiveEffectsImpl (C:\Users\damat\_REPOS\ASTRAL_FIELD_V1\node_modules\react-dom\cjs\react-dom.development.js:27078:3)
    at flushPassiveEffects (C:\Users\damat\_REPOS\ASTRAL_FIELD_V1\node_modules\react-dom\cjs\react-dom.development.js:27023:14)
    at C:\Users\damat\_REPOS\ASTRAL_FIELD_V1\node_modules\react-dom\cjs\react-dom.development.js:26808:9
    at flushActQueue (C:\Users\damat\_REPOS\ASTRAL_FIELD_V1\node_modules\react\cjs\react.development.js:2667:24)
    at act (C:\Users\damat\_REPOS\ASTRAL_FIELD_V1\node_modules\react\cjs\react.development.js:2582:11)
    at C:\Users\damat\_REPOS\ASTRAL_FIELD_V1\node_modules\@testing-library\react\dist\act-compat.js:47:25
    at renderRoot (C:\Users\damat\_REPOS\ASTRAL_FIELD_V1\node_modules\@testing-library\react\dist\pure.js:180:26)
    at render (C:\Users\damat\_REPOS\ASTRAL_FIELD_V1\node_modules\@testing-library\react\dist\pure.js:271:10)
    at Object.&lt;anonymous&gt; (C:\Users\damat\_REPOS\ASTRAL_FIELD_V1\apps\web\__tests__\components\auth\signin-form.test.tsx:450:13)
    at Promise.then.completed (C:\Users\damat\_REPOS\ASTRAL_FIELD_V1\node_modules\jest-circus\build\utils.js:298:28)
    at new Promise (&lt;anonymous&gt;)
    at callAsyncCircusFn (C:\Users\damat\_REPOS\ASTRAL_FIELD_V1\node_modules\jest-circus\build\utils.js:231:10)
    at _callCircusTest (C:\Users\damat\_REPOS\ASTRAL_FIELD_V1\node_modules\jest-circus\build\run.js:316:40)
    at _runTest (C:\Users\damat\_REPOS\ASTRAL_FIELD_V1\node_modules\jest-circus\build\run.js:252:3)
    at _runTestsForDescribeBlock (C:\Users\damat\_REPOS\ASTRAL_FIELD_V1\node_modules\jest-circus\build\run.js:126:9)
    at _runTestsForDescribeBlock (C:\Users\damat\_REPOS\ASTRAL_FIELD_V1\node_modules\jest-circus\build\run.js:121:9)
    at _runTestsForDescribeBlock (C:\Users\damat\_REPOS\ASTRAL_FIELD_V1\node_modules\jest-circus\build\run.js:121:9)
    at run (C:\Users\damat\_REPOS\ASTRAL_FIELD_V1\node_modules\jest-circus\build\run.js:71:3)
    at runAndTransformResultsToJestFormat (C:\Users\damat\_REPOS\ASTRAL_FIELD_V1\node_modules\jest-circus\build\legacy-code-todo-rewrite\jestAdapterInit.js:122:21)
    at jestAdapter (C:\Users\damat\_REPOS\ASTRAL_FIELD_V1\node_modules\jest-circus\build\legacy-code-todo-rewrite\jestAdapter.js:79:19)
    at runTestInternal (C:\Users\damat\_REPOS\ASTRAL_FIELD_V1\node_modules\jest-runner\build\runTest.js:367:16)
    at runTest (C:\Users\damat\_REPOS\ASTRAL_FIELD_V1\node_modules\jest-runner\build\runTest.js:444:34)</failure>
    </testcase>
    <testcase classname="SignIn Form Component Session Establishment and Redirect Flow - CRITICAL should show optimistic loading state during session establishment" name="SignIn Form Component Session Establishment and Redirect Flow - CRITICAL should show optimistic loading state during session establishment" time="0.013">
      <failure>TypeError: router.prefetch is not a function
    at prefetch (C:\Users\damat\_REPOS\ASTRAL_FIELD_V1\apps\web\src\app\auth\signin\page.tsx:40:12)
    at commitHookEffectListMount (C:\Users\damat\_REPOS\ASTRAL_FIELD_V1\node_modules\react-dom\cjs\react-dom.development.js:23189:26)
    at commitPassiveMountOnFiber (C:\Users\damat\_REPOS\ASTRAL_FIELD_V1\node_modules\react-dom\cjs\react-dom.development.js:24970:11)
    at commitPassiveMountEffects_complete (C:\Users\damat\_REPOS\ASTRAL_FIELD_V1\node_modules\react-dom\cjs\react-dom.development.js:24930:9)
    at commitPassiveMountEffects_begin (C:\Users\damat\_REPOS\ASTRAL_FIELD_V1\node_modules\react-dom\cjs\react-dom.development.js:24917:7)
    at commitPassiveMountEffects (C:\Users\damat\_REPOS\ASTRAL_FIELD_V1\node_modules\react-dom\cjs\react-dom.development.js:24905:3)
    at flushPassiveEffectsImpl (C:\Users\damat\_REPOS\ASTRAL_FIELD_V1\node_modules\react-dom\cjs\react-dom.development.js:27078:3)
    at flushPassiveEffects (C:\Users\damat\_REPOS\ASTRAL_FIELD_V1\node_modules\react-dom\cjs\react-dom.development.js:27023:14)
    at C:\Users\damat\_REPOS\ASTRAL_FIELD_V1\node_modules\react-dom\cjs\react-dom.development.js:26808:9
    at flushActQueue (C:\Users\damat\_REPOS\ASTRAL_FIELD_V1\node_modules\react\cjs\react.development.js:2667:24)
    at act (C:\Users\damat\_REPOS\ASTRAL_FIELD_V1\node_modules\react\cjs\react.development.js:2582:11)
    at C:\Users\damat\_REPOS\ASTRAL_FIELD_V1\node_modules\@testing-library\react\dist\act-compat.js:47:25
    at renderRoot (C:\Users\damat\_REPOS\ASTRAL_FIELD_V1\node_modules\@testing-library\react\dist\pure.js:180:26)
    at render (C:\Users\damat\_REPOS\ASTRAL_FIELD_V1\node_modules\@testing-library\react\dist\pure.js:271:10)
    at Object.&lt;anonymous&gt; (C:\Users\damat\_REPOS\ASTRAL_FIELD_V1\apps\web\__tests__\components\auth\signin-form.test.tsx:472:13)
    at Promise.then.completed (C:\Users\damat\_REPOS\ASTRAL_FIELD_V1\node_modules\jest-circus\build\utils.js:298:28)
    at new Promise (&lt;anonymous&gt;)
    at callAsyncCircusFn (C:\Users\damat\_REPOS\ASTRAL_FIELD_V1\node_modules\jest-circus\build\utils.js:231:10)
    at _callCircusTest (C:\Users\damat\_REPOS\ASTRAL_FIELD_V1\node_modules\jest-circus\build\run.js:316:40)
    at _runTest (C:\Users\damat\_REPOS\ASTRAL_FIELD_V1\node_modules\jest-circus\build\run.js:252:3)
    at _runTestsForDescribeBlock (C:\Users\damat\_REPOS\ASTRAL_FIELD_V1\node_modules\jest-circus\build\run.js:126:9)
    at _runTestsForDescribeBlock (C:\Users\damat\_REPOS\ASTRAL_FIELD_V1\node_modules\jest-circus\build\run.js:121:9)
    at _runTestsForDescribeBlock (C:\Users\damat\_REPOS\ASTRAL_FIELD_V1\node_modules\jest-circus\build\run.js:121:9)
    at run (C:\Users\damat\_REPOS\ASTRAL_FIELD_V1\node_modules\jest-circus\build\run.js:71:3)
    at runAndTransformResultsToJestFormat (C:\Users\damat\_REPOS\ASTRAL_FIELD_V1\node_modules\jest-circus\build\legacy-code-todo-rewrite\jestAdapterInit.js:122:21)
    at jestAdapter (C:\Users\damat\_REPOS\ASTRAL_FIELD_V1\node_modules\jest-circus\build\legacy-code-todo-rewrite\jestAdapter.js:79:19)
    at runTestInternal (C:\Users\damat\_REPOS\ASTRAL_FIELD_V1\node_modules\jest-runner\build\runTest.js:367:16)
    at runTest (C:\Users\damat\_REPOS\ASTRAL_FIELD_V1\node_modules\jest-runner\build\runTest.js:444:34)</failure>
    </testcase>
    <testcase classname="SignIn Form Component Demo User Quick Login should auto-fill form with demo user credentials" name="SignIn Form Component Demo User Quick Login should auto-fill form with demo user credentials" time="0.016">
      <failure>TypeError: router.prefetch is not a function
    at prefetch (C:\Users\damat\_REPOS\ASTRAL_FIELD_V1\apps\web\src\app\auth\signin\page.tsx:40:12)
    at commitHookEffectListMount (C:\Users\damat\_REPOS\ASTRAL_FIELD_V1\node_modules\react-dom\cjs\react-dom.development.js:23189:26)
    at commitPassiveMountOnFiber (C:\Users\damat\_REPOS\ASTRAL_FIELD_V1\node_modules\react-dom\cjs\react-dom.development.js:24970:11)
    at commitPassiveMountEffects_complete (C:\Users\damat\_REPOS\ASTRAL_FIELD_V1\node_modules\react-dom\cjs\react-dom.development.js:24930:9)
    at commitPassiveMountEffects_begin (C:\Users\damat\_REPOS\ASTRAL_FIELD_V1\node_modules\react-dom\cjs\react-dom.development.js:24917:7)
    at commitPassiveMountEffects (C:\Users\damat\_REPOS\ASTRAL_FIELD_V1\node_modules\react-dom\cjs\react-dom.development.js:24905:3)
    at flushPassiveEffectsImpl (C:\Users\damat\_REPOS\ASTRAL_FIELD_V1\node_modules\react-dom\cjs\react-dom.development.js:27078:3)
    at flushPassiveEffects (C:\Users\damat\_REPOS\ASTRAL_FIELD_V1\node_modules\react-dom\cjs\react-dom.development.js:27023:14)
    at C:\Users\damat\_REPOS\ASTRAL_FIELD_V1\node_modules\react-dom\cjs\react-dom.development.js:26808:9
    at flushActQueue (C:\Users\damat\_REPOS\ASTRAL_FIELD_V1\node_modules\react\cjs\react.development.js:2667:24)
    at act (C:\Users\damat\_REPOS\ASTRAL_FIELD_V1\node_modules\react\cjs\react.development.js:2582:11)
    at C:\Users\damat\_REPOS\ASTRAL_FIELD_V1\node_modules\@testing-library\react\dist\act-compat.js:47:25
    at renderRoot (C:\Users\damat\_REPOS\ASTRAL_FIELD_V1\node_modules\@testing-library\react\dist\pure.js:180:26)
    at render (C:\Users\damat\_REPOS\ASTRAL_FIELD_V1\node_modules\@testing-library\react\dist\pure.js:271:10)
    at Object.&lt;anonymous&gt; (C:\Users\damat\_REPOS\ASTRAL_FIELD_V1\apps\web\__tests__\components\auth\signin-form.test.tsx:501:13)
    at Promise.then.completed (C:\Users\damat\_REPOS\ASTRAL_FIELD_V1\node_modules\jest-circus\build\utils.js:298:28)
    at new Promise (&lt;anonymous&gt;)
    at callAsyncCircusFn (C:\Users\damat\_REPOS\ASTRAL_FIELD_V1\node_modules\jest-circus\build\utils.js:231:10)
    at _callCircusTest (C:\Users\damat\_REPOS\ASTRAL_FIELD_V1\node_modules\jest-circus\build\run.js:316:40)
    at _runTest (C:\Users\damat\_REPOS\ASTRAL_FIELD_V1\node_modules\jest-circus\build\run.js:252:3)
    at _runTestsForDescribeBlock (C:\Users\damat\_REPOS\ASTRAL_FIELD_V1\node_modules\jest-circus\build\run.js:126:9)
    at _runTestsForDescribeBlock (C:\Users\damat\_REPOS\ASTRAL_FIELD_V1\node_modules\jest-circus\build\run.js:121:9)
    at _runTestsForDescribeBlock (C:\Users\damat\_REPOS\ASTRAL_FIELD_V1\node_modules\jest-circus\build\run.js:121:9)
    at run (C:\Users\damat\_REPOS\ASTRAL_FIELD_V1\node_modules\jest-circus\build\run.js:71:3)
    at runAndTransformResultsToJestFormat (C:\Users\damat\_REPOS\ASTRAL_FIELD_V1\node_modules\jest-circus\build\legacy-code-todo-rewrite\jestAdapterInit.js:122:21)
    at jestAdapter (C:\Users\damat\_REPOS\ASTRAL_FIELD_V1\node_modules\jest-circus\build\legacy-code-todo-rewrite\jestAdapter.js:79:19)
    at runTestInternal (C:\Users\damat\_REPOS\ASTRAL_FIELD_V1\node_modules\jest-runner\build\runTest.js:367:16)
    at runTest (C:\Users\damat\_REPOS\ASTRAL_FIELD_V1\node_modules\jest-runner\build\runTest.js:444:34)</failure>
    </testcase>
    <testcase classname="SignIn Form Component Demo User Quick Login should auto-submit form after clicking demo user" name="SignIn Form Component Demo User Quick Login should auto-submit form after clicking demo user" time="0.012">
      <failure>TypeError: router.prefetch is not a function
    at prefetch (C:\Users\damat\_REPOS\ASTRAL_FIELD_V1\apps\web\src\app\auth\signin\page.tsx:40:12)
    at commitHookEffectListMount (C:\Users\damat\_REPOS\ASTRAL_FIELD_V1\node_modules\react-dom\cjs\react-dom.development.js:23189:26)
    at commitPassiveMountOnFiber (C:\Users\damat\_REPOS\ASTRAL_FIELD_V1\node_modules\react-dom\cjs\react-dom.development.js:24970:11)
    at commitPassiveMountEffects_complete (C:\Users\damat\_REPOS\ASTRAL_FIELD_V1\node_modules\react-dom\cjs\react-dom.development.js:24930:9)
    at commitPassiveMountEffects_begin (C:\Users\damat\_REPOS\ASTRAL_FIELD_V1\node_modules\react-dom\cjs\react-dom.development.js:24917:7)
    at commitPassiveMountEffects (C:\Users\damat\_REPOS\ASTRAL_FIELD_V1\node_modules\react-dom\cjs\react-dom.development.js:24905:3)
    at flushPassiveEffectsImpl (C:\Users\damat\_REPOS\ASTRAL_FIELD_V1\node_modules\react-dom\cjs\react-dom.development.js:27078:3)
    at flushPassiveEffects (C:\Users\damat\_REPOS\ASTRAL_FIELD_V1\node_modules\react-dom\cjs\react-dom.development.js:27023:14)
    at C:\Users\damat\_REPOS\ASTRAL_FIELD_V1\node_modules\react-dom\cjs\react-dom.development.js:26808:9
    at flushActQueue (C:\Users\damat\_REPOS\ASTRAL_FIELD_V1\node_modules\react\cjs\react.development.js:2667:24)
    at act (C:\Users\damat\_REPOS\ASTRAL_FIELD_V1\node_modules\react\cjs\react.development.js:2582:11)
    at C:\Users\damat\_REPOS\ASTRAL_FIELD_V1\node_modules\@testing-library\react\dist\act-compat.js:47:25
    at renderRoot (C:\Users\damat\_REPOS\ASTRAL_FIELD_V1\node_modules\@testing-library\react\dist\pure.js:180:26)
    at render (C:\Users\damat\_REPOS\ASTRAL_FIELD_V1\node_modules\@testing-library\react\dist\pure.js:271:10)
    at Object.&lt;anonymous&gt; (C:\Users\damat\_REPOS\ASTRAL_FIELD_V1\apps\web\__tests__\components\auth\signin-form.test.tsx:521:13)
    at Promise.then.completed (C:\Users\damat\_REPOS\ASTRAL_FIELD_V1\node_modules\jest-circus\build\utils.js:298:28)
    at new Promise (&lt;anonymous&gt;)
    at callAsyncCircusFn (C:\Users\damat\_REPOS\ASTRAL_FIELD_V1\node_modules\jest-circus\build\utils.js:231:10)
    at _callCircusTest (C:\Users\damat\_REPOS\ASTRAL_FIELD_V1\node_modules\jest-circus\build\run.js:316:40)
    at _runTest (C:\Users\damat\_REPOS\ASTRAL_FIELD_V1\node_modules\jest-circus\build\run.js:252:3)
    at _runTestsForDescribeBlock (C:\Users\damat\_REPOS\ASTRAL_FIELD_V1\node_modules\jest-circus\build\run.js:126:9)
    at _runTestsForDescribeBlock (C:\Users\damat\_REPOS\ASTRAL_FIELD_V1\node_modules\jest-circus\build\run.js:121:9)
    at _runTestsForDescribeBlock (C:\Users\damat\_REPOS\ASTRAL_FIELD_V1\node_modules\jest-circus\build\run.js:121:9)
    at run (C:\Users\damat\_REPOS\ASTRAL_FIELD_V1\node_modules\jest-circus\build\run.js:71:3)
    at runAndTransformResultsToJestFormat (C:\Users\damat\_REPOS\ASTRAL_FIELD_V1\node_modules\jest-circus\build\legacy-code-todo-rewrite\jestAdapterInit.js:122:21)
    at jestAdapter (C:\Users\damat\_REPOS\ASTRAL_FIELD_V1\node_modules\jest-circus\build\legacy-code-todo-rewrite\jestAdapter.js:79:19)
    at runTestInternal (C:\Users\damat\_REPOS\ASTRAL_FIELD_V1\node_modules\jest-runner\build\runTest.js:367:16)
    at runTest (C:\Users\damat\_REPOS\ASTRAL_FIELD_V1\node_modules\jest-runner\build\runTest.js:444:34)</failure>
    </testcase>
    <testcase classname="SignIn Form Component Demo User Quick Login should handle all demo user accounts correctly" name="SignIn Form Component Demo User Quick Login should handle all demo user accounts correctly" time="0.016">
      <failure>TypeError: router.prefetch is not a function
    at prefetch (C:\Users\damat\_REPOS\ASTRAL_FIELD_V1\apps\web\src\app\auth\signin\page.tsx:40:12)
    at commitHookEffectListMount (C:\Users\damat\_REPOS\ASTRAL_FIELD_V1\node_modules\react-dom\cjs\react-dom.development.js:23189:26)
    at commitPassiveMountOnFiber (C:\Users\damat\_REPOS\ASTRAL_FIELD_V1\node_modules\react-dom\cjs\react-dom.development.js:24970:11)
    at commitPassiveMountEffects_complete (C:\Users\damat\_REPOS\ASTRAL_FIELD_V1\node_modules\react-dom\cjs\react-dom.development.js:24930:9)
    at commitPassiveMountEffects_begin (C:\Users\damat\_REPOS\ASTRAL_FIELD_V1\node_modules\react-dom\cjs\react-dom.development.js:24917:7)
    at commitPassiveMountEffects (C:\Users\damat\_REPOS\ASTRAL_FIELD_V1\node_modules\react-dom\cjs\react-dom.development.js:24905:3)
    at flushPassiveEffectsImpl (C:\Users\damat\_REPOS\ASTRAL_FIELD_V1\node_modules\react-dom\cjs\react-dom.development.js:27078:3)
    at flushPassiveEffects (C:\Users\damat\_REPOS\ASTRAL_FIELD_V1\node_modules\react-dom\cjs\react-dom.development.js:27023:14)
    at C:\Users\damat\_REPOS\ASTRAL_FIELD_V1\node_modules\react-dom\cjs\react-dom.development.js:26808:9
    at flushActQueue (C:\Users\damat\_REPOS\ASTRAL_FIELD_V1\node_modules\react\cjs\react.development.js:2667:24)
    at act (C:\Users\damat\_REPOS\ASTRAL_FIELD_V1\node_modules\react\cjs\react.development.js:2582:11)
    at C:\Users\damat\_REPOS\ASTRAL_FIELD_V1\node_modules\@testing-library\react\dist\act-compat.js:47:25
    at renderRoot (C:\Users\damat\_REPOS\ASTRAL_FIELD_V1\node_modules\@testing-library\react\dist\pure.js:180:26)
    at render (C:\Users\damat\_REPOS\ASTRAL_FIELD_V1\node_modules\@testing-library\react\dist\pure.js:271:10)
    at Object.&lt;anonymous&gt; (C:\Users\damat\_REPOS\ASTRAL_FIELD_V1\apps\web\__tests__\components\auth\signin-form.test.tsx:539:13)
    at Promise.then.completed (C:\Users\damat\_REPOS\ASTRAL_FIELD_V1\node_modules\jest-circus\build\utils.js:298:28)
    at new Promise (&lt;anonymous&gt;)
    at callAsyncCircusFn (C:\Users\damat\_REPOS\ASTRAL_FIELD_V1\node_modules\jest-circus\build\utils.js:231:10)
    at _callCircusTest (C:\Users\damat\_REPOS\ASTRAL_FIELD_V1\node_modules\jest-circus\build\run.js:316:40)
    at _runTest (C:\Users\damat\_REPOS\ASTRAL_FIELD_V1\node_modules\jest-circus\build\run.js:252:3)
    at _runTestsForDescribeBlock (C:\Users\damat\_REPOS\ASTRAL_FIELD_V1\node_modules\jest-circus\build\run.js:126:9)
    at _runTestsForDescribeBlock (C:\Users\damat\_REPOS\ASTRAL_FIELD_V1\node_modules\jest-circus\build\run.js:121:9)
    at _runTestsForDescribeBlock (C:\Users\damat\_REPOS\ASTRAL_FIELD_V1\node_modules\jest-circus\build\run.js:121:9)
    at run (C:\Users\damat\_REPOS\ASTRAL_FIELD_V1\node_modules\jest-circus\build\run.js:71:3)
    at runAndTransformResultsToJestFormat (C:\Users\damat\_REPOS\ASTRAL_FIELD_V1\node_modules\jest-circus\build\legacy-code-todo-rewrite\jestAdapterInit.js:122:21)
    at jestAdapter (C:\Users\damat\_REPOS\ASTRAL_FIELD_V1\node_modules\jest-circus\build\legacy-code-todo-rewrite\jestAdapter.js:79:19)
    at runTestInternal (C:\Users\damat\_REPOS\ASTRAL_FIELD_V1\node_modules\jest-runner\build\runTest.js:367:16)
    at runTest (C:\Users\damat\_REPOS\ASTRAL_FIELD_V1\node_modules\jest-runner\build\runTest.js:444:34)</failure>
    </testcase>
    <testcase classname="SignIn Form Component Google Authentication should trigger Google sign-in" name="SignIn Form Component Google Authentication should trigger Google sign-in" time="0.021">
      <failure>TypeError: router.prefetch is not a function
[...]
    at beginWork (C:\Users\damat\_REPOS\ASTRAL_FIELD_V1\node_modules\react-dom\cjs\react-dom.development.js:21654:14)
    at beginWork$1 (C:\Users\damat\_REPOS\ASTRAL_FIELD_V1\node_modules\react-dom\cjs\react-dom.development.js:27465:14)
    at performUnitOfWork (C:\Users\damat\_REPOS\ASTRAL_FIELD_V1\node_modules\react-dom\cjs\react-dom.development.js:26599:12)
    at workLoopSync (C:\Users\damat\_REPOS\ASTRAL_FIELD_V1\node_modules\react-dom\cjs\react-dom.development.js:26505:5)
    at renderRootSync (C:\Users\damat\_REPOS\ASTRAL_FIELD_V1\node_modules\react-dom\cjs\react-dom.development.js:26473:7)
    at performConcurrentWorkOnRoot (C:\Users\damat\_REPOS\ASTRAL_FIELD_V1\node_modules\react-dom\cjs\react-dom.development.js:25777:74)
    at flushActQueue (C:\Users\damat\_REPOS\ASTRAL_FIELD_V1\node_modules\react\cjs\react.development.js:2667:24)
    at act (C:\Users\damat\_REPOS\ASTRAL_FIELD_V1\node_modules\react\cjs\react.development.js:2582:11)
    at C:\Users\damat\_REPOS\ASTRAL_FIELD_V1\node_modules\@testing-library\react\dist\act-compat.js:47:25
    at renderRoot (C:\Users\damat\_REPOS\ASTRAL_FIELD_V1\node_modules\@testing-library\react\dist\pure.js:180:26)
    at render (C:\Users\damat\_REPOS\ASTRAL_FIELD_V1\node_modules\@testing-library\react\dist\pure.js:271:10)
    at Object.&lt;anonymous&gt; (C:\Users\damat\_REPOS\ASTRAL_FIELD_V1\apps\web\__tests__\components\ai\ai-coach.test.tsx:247:32)
    at Promise.then.completed (C:\Users\damat\_REPOS\ASTRAL_FIELD_V1\node_modules\jest-circus\build\utils.js:298:28)
    at new Promise (&lt;anonymous&gt;)
    at callAsyncCircusFn (C:\Users\damat\_REPOS\ASTRAL_FIELD_V1\node_modules\jest-circus\build\utils.js:231:10)
    at _callCircusTest (C:\Users\damat\_REPOS\ASTRAL_FIELD_V1\node_modules\jest-circus\build\run.js:316:40)
    at _runTest (C:\Users\damat\_REPOS\ASTRAL_FIELD_V1\node_modules\jest-circus\build\run.js:252:3)
    at _runTestsForDescribeBlock (C:\Users\damat\_REPOS\ASTRAL_FIELD_V1\node_modules\jest-circus\build\run.js:126:9)
    at _runTestsForDescribeBlock (C:\Users\damat\_REPOS\ASTRAL_FIELD_V1\node_modules\jest-circus\build\run.js:121:9)
    at run (C:\Users\damat\_REPOS\ASTRAL_FIELD_V1\node_modules\jest-circus\build\run.js:71:3)
    at runAndTransformResultsToJestFormat (C:\Users\damat\_REPOS\ASTRAL_FIELD_V1\node_modules\jest-circus\build\legacy-code-todo-rewrite\jestAdapterInit.js:122:21)
    at jestAdapter (C:\Users\damat\_REPOS\ASTRAL_FIELD_V1\node_modules\jest-circus\build\legacy-code-todo-rewrite\jestAdapter.js:79:19)
    at runTestInternal (C:\Users\damat\_REPOS\ASTRAL_FIELD_V1\node_modules\jest-runner\build\runTest.js:367:16)
    at runTest (C:\Users\damat\_REPOS\ASTRAL_FIELD_V1\node_modules\jest-runner\build\runTest.js:444:34)</failure>
    </testcase>
  </testsuite>
  <testsuite name="Authentication Library" errors="0" failures="2" skipped="0" timestamp="2025-09-28T01:37:28" time="0.288" tests="16">
    <testcase classname="Authentication Library auth configuration should export auth function" name="Authentication Library auth configuration should export auth function" time="0.001">
    </testcase>
    <testcase classname="Authentication Library auth configuration should handle valid session" name="Authentication Library auth configuration should handle valid session" time="0.001">
    </testcase>
    <testcase classname="Authentication Library auth configuration should handle null session for unauthenticated users" name="Authentication Library auth configuration should handle null session for unauthenticated users" time="0.001">
    </testcase>
    <testcase classname="Authentication Library auth configuration should handle expired session" name="Authentication Library auth configuration should handle expired session" time="0">
    </testcase>
    <testcase classname="Authentication Library session validation should validate session structure" name="Authentication Library session validation should validate session structure" time="0.002">
      <failure>Error: expect(received).toHaveProperty(path)

Expected path: &quot;name&quot;
Received path: []

Received value: {&quot;avatar&quot;: null, &quot;bot&quot;: false, &quot;createdAt&quot;: 2024-01-01T00:00:00.000Z, &quot;displayName&quot;: &quot;Test User&quot;, &quot;email&quot;: &quot;test@example.com&quot;, &quot;id&quot;: &quot;test-user-1&quot;, &quot;isOwner&quot;: false, &quot;isPro&quot;: false, &quot;leagues&quot;: [&quot;test-league-1&quot;], &quot;metadata&quot;: {&quot;allow_pn&quot;: true, &quot;allow_sms&quot;: false, &quot;avatar&quot;: null, &quot;league_invite_email&quot;: true, &quot;mascot_item_type_id_leg_1&quot;: null, &quot;mascot_message&quot;: {&quot;avatar&quot;: &quot;123&quot;, &quot;text&quot;: &quot;Test mascot message&quot;}, &quot;mention_pn&quot;: &quot;off&quot;, &quot;phone&quot;: null, &quot;team_name&quot;: &quot;Test Team&quot;, &quot;trade_email&quot;: true, &quot;transaction_email&quot;: true}, &quot;settings&quot;: {&quot;best_ball&quot;: false, &quot;currency&quot;: &quot;usd&quot;, &quot;dynasty&quot;: false, &quot;locale&quot;: &quot;en&quot;, &quot;redraft&quot;: true}, &quot;teams&quot;: [&quot;test-team-1&quot;], &quot;updatedAt&quot;: 2024-09-27T00:00:00.000Z, &quot;username&quot;: &quot;testuser&quot;, &quot;verified&quot;: true}
    at Object.toHaveProperty (C:\Users\damat\_REPOS\ASTRAL_FIELD_V1\apps\web\__tests__\lib\auth.test.ts:89:29)</failure>
    </testcase>
    <testcase classname="Authentication Library session validation should validate user roles" name="Authentication Library session validation should validate user roles" time="0.001">
    </testcase>
    <testcase classname="Authentication Library session validation should handle commissioner permissions" name="Authentication Library session validation should handle commissioner permissions" time="0">
    </testcase>
    <testcase classname="Authentication Library authentication edge cases should handle malformed session data" name="Authentication Library authentication edge cases should handle malformed session data" time="0">
    </testcase>
    <testcase classname="Authentication Library authentication edge cases should handle network errors gracefully" name="Authentication Library authentication edge cases should handle network errors gracefully" time="0.002">
    </testcase>
    <testcase classname="Authentication Library authentication edge cases should handle database connection errors" name="Authentication Library authentication edge cases should handle database connection errors" time="0.001">
    </testcase>
    <testcase classname="Authentication Library user session persistence should maintain session across requests" name="Authentication Library user session persistence should maintain session across requests" time="0">
    </testcase>
    <testcase classname="Authentication Library user session persistence should handle session refresh" name="Authentication Library user session persistence should handle session refresh" time="0">
    </testcase>
    <testcase classname="Authentication Library authentication state management should track last active timestamp" name="Authentication Library authentication state management should track last active timestamp" time="0.001">
    </testcase>
    <testcase classname="Authentication Library authentication state management should handle onboarding status" name="Authentication Library authentication state management should handle onboarding status" time="0">
    </testcase>
    <testcase classname="Authentication Library security validation should not expose sensitive information" name="Authentication Library security validation should not expose sensitive information" time="0.001">
      <failure>Error: expect(received).not.toHaveProperty(path)

Expected path: not &quot;hashedPassword&quot;

Received value: &quot;$2a$10$secret.hash&quot;
    at Object.toHaveProperty (C:\Users\damat\_REPOS\ASTRAL_FIELD_V1\apps\web\__tests__\lib\auth.test.ts:259:33)</failure>
    </testcase>
    <testcase classname="Authentication Library security validation should validate session token format" name="Authentication Library security validation should validate session token format" time="0">
    </testcase>
  </testsuite>
  <testsuite name="Zenith Comprehensive Unit Tests" errors="0" failures="0" skipped="0" timestamp="2025-09-28T01:37:28" time="1.638" tests="23">
    <testcase classname="Zenith Comprehensive Unit Tests AI Coach Component should render AI coach with recommendations" name="Zenith Comprehensive Unit Tests AI Coach Component should render AI coach with recommendations" time="0.02">
    </testcase>
    <testcase classname="Zenith Comprehensive Unit Tests AI Coach Component should handle tab switching correctly" name="Zenith Comprehensive Unit Tests AI Coach Component should handle tab switching correctly" time="0.029">
    </testcase>
    <testcase classname="Zenith Comprehensive Unit Tests AI Coach Component should handle recommendation clicks" name="Zenith Comprehensive Unit Tests AI Coach Component should handle recommendation clicks" time="0.008">
    </testcase>
    <testcase classname="Zenith Comprehensive Unit Tests AI Coach Component should handle refresh recommendations" name="Zenith Comprehensive Unit Tests AI Coach Component should handle refresh recommendations" time="1.032">
    </testcase>
    <testcase classname="Zenith Comprehensive Unit Tests AI Coach Component should display confidence indicators correctly" name="Zenith Comprehensive Unit Tests AI Coach Component should display confidence indicators correctly" time="0.008">
    </testcase>
    <testcase classname="Zenith Comprehensive Unit Tests AI Coach Component should handle empty recommendations state" name="Zenith Comprehensive Unit Tests AI Coach Component should handle empty recommendations state" time="0.004">
    </testcase>
    <testcase classname="Zenith Comprehensive Unit Tests AI Coach Component should display loading state correctly" name="Zenith Comprehensive Unit Tests AI Coach Component should display loading state correctly" time="0.005">
    </testcase>
    <testcase classname="Zenith Comprehensive Unit Tests Utility Functions Coverage should handle user data transformations" name="Zenith Comprehensive Unit Tests Utility Functions Coverage should handle user data transformations" time="0.001">
    </testcase>
    <testcase classname="Zenith Comprehensive Unit Tests Utility Functions Coverage should create user profiles with proper structure" name="Zenith Comprehensive Unit Tests Utility Functions Coverage should create user profiles with proper structure" time="0">
    </testcase>
    <testcase classname="Zenith Comprehensive Unit Tests Utility Functions Coverage should generate player data correctly" name="Zenith Comprehensive Unit Tests Utility Functions Coverage should generate player data correctly" time="0.001">
    </testcase>
    <testcase classname="Zenith Comprehensive Unit Tests Component Props and TypeScript Coverage should accept all AICoach prop types correctly" name="Zenith Comprehensive Unit Tests Component Props and TypeScript Coverage should accept all AICoach prop types correctly" time="0.006">
    </testcase>
    <testcase classname="Zenith Comprehensive Unit Tests Component Props and TypeScript Coverage should handle optional props correctly" name="Zenith Comprehensive Unit Tests Component Props and TypeScript Coverage should handle optional props correctly" time="0.008">
    </testcase>
    <testcase classname="Zenith Comprehensive Unit Tests Error Handling and Edge Cases should handle malformed recommendation data" name="Zenith Comprehensive Unit Tests Error Handling and Edge Cases should handle malformed recommendation data" time="0.007">
    </testcase>
    <testcase classname="Zenith Comprehensive Unit Tests Error Handling and Edge Cases should handle null and undefined props gracefully" name="Zenith Comprehensive Unit Tests Error Handling and Edge Cases should handle null and undefined props gracefully" time="0.008">
    </testcase>
    <testcase classname="Zenith Comprehensive Unit Tests Error Handling and Edge Cases should handle very long recommendation text" name="Zenith Comprehensive Unit Tests Error Handling and Edge Cases should handle very long recommendation text" time="0.004">
    </testcase>
    <testcase classname="Zenith Comprehensive Unit Tests Accessibility and User Experience should have proper accessibility attributes" name="Zenith Comprehensive Unit Tests Accessibility and User Experience should have proper accessibility attributes" time="0.009">
    </testcase>
    <testcase classname="Zenith Comprehensive Unit Tests Accessibility and User Experience should handle keyboard navigation" name="Zenith Comprehensive Unit Tests Accessibility and User Experience should handle keyboard navigation" time="0.009">
    </testcase>
    <testcase classname="Zenith Comprehensive Unit Tests Accessibility and User Experience should provide visual feedback for interactions" name="Zenith Comprehensive Unit Tests Accessibility and User Experience should provide visual feedback for interactions" time="0.006">
    </testcase>
    <testcase classname="Zenith Comprehensive Unit Tests Performance and Optimization should render large recommendation lists efficiently" name="Zenith Comprehensive Unit Tests Performance and Optimization should render large recommendation lists efficiently" time="0.097">
    </testcase>
    <testcase classname="Zenith Comprehensive Unit Tests Performance and Optimization should handle rapid tab switching without issues" name="Zenith Comprehensive Unit Tests Performance and Optimization should handle rapid tab switching without issues" time="0.06">
    </testcase>
    <testcase classname="Zenith Comprehensive Unit Tests Data Validation and Type Safety should enforce proper recommendation types" name="Zenith Comprehensive Unit Tests Data Validation and Type Safety should enforce proper recommendation types" time="0.001">
    </testcase>
    <testcase classname="Zenith Comprehensive Unit Tests Data Validation and Type Safety should handle confidence edge cases" name="Zenith Comprehensive Unit Tests Data Validation and Type Safety should handle confidence edge cases" time="0.021">
    </testcase>
    <testcase classname="Zenith Comprehensive Unit Tests Integration with Mock Data should work correctly with fixture data" name="Zenith Comprehensive Unit Tests Integration with Mock Data should work correctly with fixture data" time="0.008">
    </testcase>
  </testsuite>
  <testsuite name="Zenith API Integration Coverage" errors="0" failures="0" skipped="0" timestamp="2025-09-28T01:37:30" time="1.321" tests="21">
    <testcase classname="Zenith API Integration Coverage HTTP Method Coverage should handle GET requests correctly" name="Zenith API Integration Coverage HTTP Method Coverage should handle GET requests correctly" time="0.002">
    </testcase>
    <testcase classname="Zenith API Integration Coverage HTTP Method Coverage should handle POST requests correctly" name="Zenith API Integration Coverage HTTP Method Coverage should handle POST requests correctly" time="0.001">
    </testcase>
    <testcase classname="Zenith API Integration Coverage HTTP Method Coverage should handle PUT requests correctly" name="Zenith API Integration Coverage HTTP Method Coverage should handle PUT requests correctly" time="0">
    </testcase>
    <testcase classname="Zenith API Integration Coverage HTTP Method Coverage should handle DELETE requests correctly" name="Zenith API Integration Coverage HTTP Method Coverage should handle DELETE requests correctly" time="0.001">
    </testcase>
    <testcase classname="Zenith API Integration Coverage HTTP Method Coverage should handle unsupported methods" name="Zenith API Integration Coverage HTTP Method Coverage should handle unsupported methods" time="0.001">
    </testcase>
    <testcase classname="Zenith API Integration Coverage Authentication Middleware Coverage should handle authenticated requests" name="Zenith API Integration Coverage Authentication Middleware Coverage should handle authenticated requests" time="0.001">
    </testcase>
    <testcase classname="Zenith API Integration Coverage Authentication Middleware Coverage should handle unauthenticated requests" name="Zenith API Integration Coverage Authentication Middleware Coverage should handle unauthenticated requests" time="0">
    </testcase>
    <testcase classname="Zenith API Integration Coverage Authentication Middleware Coverage should handle session validation" name="Zenith API Integration Coverage Authentication Middleware Coverage should handle session validation" time="0">
    </testcase>
    <testcase classname="Zenith API Integration Coverage Database Operation Coverage should handle user CRUD operations" name="Zenith API Integration Coverage Database Operation Coverage should handle user CRUD operations" time="0.002">
    </testcase>
    <testcase classname="Zenith API Integration Coverage Database Operation Coverage should handle team operations" name="Zenith API Integration Coverage Database Operation Coverage should handle team operations" time="0">
    </testcase>
    <testcase classname="Zenith API Integration Coverage Database Operation Coverage should handle league operations" name="Zenith API Integration Coverage Database Operation Coverage should handle league operations" time="0">
    </testcase>
    <testcase classname="Zenith API Integration Coverage Database Operation Coverage should handle player operations" name="Zenith API Integration Coverage Database Operation Coverage should handle player operations" time="0.001">
    </testcase>
    <testcase classname="Zenith API Integration Coverage Error Handling Coverage should handle validation errors" name="Zenith API Integration Coverage Error Handling Coverage should handle validation errors" time="0.001">
    </testcase>
    <testcase classname="Zenith API Integration Coverage Error Handling Coverage should handle database errors" name="Zenith API Integration Coverage Error Handling Coverage should handle database errors" time="0">
    </testcase>
    <testcase classname="Zenith API Integration Coverage Error Handling Coverage should handle rate limiting" name="Zenith API Integration Coverage Error Handling Coverage should handle rate limiting" time="0.001">
    </testcase>
    <testcase classname="Zenith API Integration Coverage Error Handling Coverage should handle request timeout" name="Zenith API Integration Coverage Error Handling Coverage should handle request timeout" time="1.015">
    </testcase>
    <testcase classname="Zenith API Integration Coverage Request/Response Parsing Coverage should handle JSON request bodies" name="Zenith API Integration Coverage Request/Response Parsing Coverage should handle JSON request bodies" time="0.001">
    </testcase>
    <testcase classname="Zenith API Integration Coverage Request/Response Parsing Coverage should handle query parameters" name="Zenith API Integration Coverage Request/Response Parsing Coverage should handle query parameters" time="0.001">
    </testcase>
    <testcase classname="Zenith API Integration Coverage Request/Response Parsing Coverage should handle form data" name="Zenith API Integration Coverage Request/Response Parsing Coverage should handle form data" time="0.001">
    </testcase>
    <testcase classname="Zenith API Integration Coverage Response Headers and CORS Coverage should set correct response headers" name="Zenith API Integration Coverage Response Headers and CORS Coverage should set correct response headers" time="0.001">
    </testcase>
    <testcase classname="Zenith API Integration Coverage Response Headers and CORS Coverage should handle CORS preflight requests" name="Zenith API Integration Coverage Response Headers and CORS Coverage should handle CORS preflight requests" time="0.001">
    </testcase>
  </testsuite>
</testsuites>